{"level":"info","message":"机器人【1】号 => 开始工作","timestamp":"2017-08-28T07:55:23.566Z"}
{"level":"info","message":"机器人【1】号 => ， 游戏完成, 收入: 14 支出：20 返奖率：0.7  总资产：24 工作进度（1把）","timestamp":"2017-08-28T07:55:24.012Z"}
{"level":"info","message":"机器人【1】号 => ， 游戏完成, 收入: 0 支出：20 返奖率：0  总资产：4 工作进度（2把）","timestamp":"2017-08-28T07:55:24.858Z"}
{"level":"info","message":"机器人【1】号 => 完成工作 ","timestamp":"2017-08-28T07:55:25.659Z"}
{"level":"info","message":"机器人【1】号 => 开始工作","timestamp":"2017-08-28T07:56:11.539Z"}
{"level":"info","message":"机器人【1】号 => ， 游戏完成, 收入: 26 支出：20 返奖率：1.3  总资产：36 工作进度（1把）","timestamp":"2017-08-28T07:56:11.974Z"}
{"level":"info","message":"机器人【1】号 => ， 游戏完成, 收入: 22 支出：20 返奖率：1.1  总资产：38 工作进度（2把）","timestamp":"2017-08-28T07:56:12.924Z"}
{"level":"info","message":"机器人【1】号 => ， 游戏完成, 收入: 24 支出：20 返奖率：1.2  总资产：42 工作进度（3把）","timestamp":"2017-08-28T07:56:13.871Z"}
{"level":"info","message":"机器人【1】号 => ， 游戏完成, 收入: 18 支出：20 返奖率：0.9  总资产：40 工作进度（4把）","timestamp":"2017-08-28T07:56:14.815Z"}
{"level":"info","message":"机器人【1】号 => ， 游戏完成, 收入: 134 支出：20 返奖率：6.7  总资产：154 工作进度（5把）","timestamp":"2017-08-28T07:56:15.762Z"}
{"level":"info","message":"机器人【1】号 => ， 游戏完成, 收入: 0 支出：20 返奖率：0  总资产：134 工作进度（6把）","timestamp":"2017-08-28T07:56:16.610Z"}
{"level":"info","message":"机器人【1】号 => ， 游戏完成, 收入: 18 支出：20 返奖率：0.9  总资产：132 工作进度（7把）","timestamp":"2017-08-28T07:56:17.556Z"}
{"level":"info","message":"机器人【1】号 => ， 游戏完成, 收入: 28 支出：20 返奖率：1.4  总资产：140 工作进度（8把）","timestamp":"2017-08-28T07:56:18.500Z"}
{"level":"info","message":"机器人【1】号 => ， 游戏完成, 收入: 22 支出：20 返奖率：1.1  总资产：142 工作进度（9把）","timestamp":"2017-08-28T07:56:19.442Z"}
{"level":"info","message":"机器人【1】号 => ， 游戏完成, 收入: 10 支出：20 返奖率：0.5  总资产：132 工作进度（10把）","timestamp":"2017-08-28T07:56:20.385Z"}
{"level":"info","message":"机器人【1】号 => ， 游戏完成, 收入: 26 支出：20 返奖率：1.3  总资产：138 工作进度（11把）","timestamp":"2017-08-28T07:56:21.330Z"}
{"level":"info","message":"机器人【1】号 => ， 游戏完成, 收入: 24 支出：20 返奖率：1.2  总资产：142 工作进度（12把）","timestamp":"2017-08-28T07:56:22.272Z"}
{"level":"info","message":"机器人【1】号 => ， 游戏完成, 收入: 12 支出：20 返奖率：0.6  总资产：134 工作进度（13把）","timestamp":"2017-08-28T07:56:23.242Z"}
{"level":"info","message":"机器人【1】号 => ， 游戏完成, 收入: 22 支出：20 返奖率：1.1  总资产：136 工作进度（14把）","timestamp":"2017-08-28T07:56:24.188Z"}
{"level":"info","message":"机器人【1】号 => ， 游戏完成, 收入: 0 支出：20 返奖率：0  总资产：116 工作进度（15把）","timestamp":"2017-08-28T07:56:25.125Z"}
{"level":"info","message":"机器人【1】号 => ， 游戏完成, 收入: 36 支出：20 返奖率：1.8  总资产：132 工作进度（16把）","timestamp":"2017-08-28T07:56:26.050Z"}
{"level":"info","message":"机器人【1】号 => 开始工作","timestamp":"2017-08-28T07:56:39.935Z"}
{"level":"info","message":"机器人【1】号 => ， 游戏完成, 收入: 12 支出：20 返奖率：0.6  总资产：22 工作进度（1把）","timestamp":"2017-08-28T07:56:40.375Z"}
{"level":"info","message":"机器人【1】号 => ， 游戏完成, 收入: 22 支出：20 返奖率：1.1  总资产：24 工作进度（2把）","timestamp":"2017-08-28T07:56:41.321Z"}
{"level":"info","message":"机器人【1】号 => ， 游戏完成, 收入: 12 支出：20 返奖率：0.6  总资产：16 工作进度（3把）","timestamp":"2017-08-28T07:56:42.263Z"}
{"level":"info","message":"机器人【1】号 => 完成工作 ","timestamp":"2017-08-28T07:56:43.064Z"}
{"level":"info","message":"机器人【1】号 => 开始工作","timestamp":"2017-08-28T07:56:48.977Z"}
{"level":"info","message":"机器人【1】号 => ， 游戏完成, 收入: 20 支出：20 返奖率：1  总资产：30 工作进度（1把）","timestamp":"2017-08-28T07:56:49.423Z"}
{"level":"info","message":"机器人【1】号 => ， 游戏完成, 收入: 18 支出：20 返奖率：0.9  总资产：28 工作进度（2把）","timestamp":"2017-08-28T07:56:50.335Z"}
{"level":"info","message":"机器人【1】号 => ， 游戏完成, 收入: 10 支出：20 返奖率：0.5  总资产：18 工作进度（3把）","timestamp":"2017-08-28T07:56:51.280Z"}
{"level":"info","message":"机器人【1】号 => 完成工作 ","timestamp":"2017-08-28T07:56:52.080Z"}
{"level":"info","message":"机器人【1】号 => 开始工作","timestamp":"2017-08-28T07:56:54.286Z"}
{"level":"info","message":"机器人【1】号 => ， 游戏完成, 收入: 14 支出：20 返奖率：0.7  总资产：24 工作进度（1把）","timestamp":"2017-08-28T07:56:54.723Z"}
{"level":"info","message":"机器人【1】号 => ， 游戏完成, 收入: 28 支出：20 返奖率：1.4  总资产：32 工作进度（2把）","timestamp":"2017-08-28T07:56:55.669Z"}
{"level":"info","message":"机器人【1】号 => ， 游戏完成, 收入: 28 支出：20 返奖率：1.4  总资产：40 工作进度（3把）","timestamp":"2017-08-28T07:56:56.613Z"}
{"level":"info","message":"机器人【1】号 => ， 游戏完成, 收入: 10 支出：20 返奖率：0.5  总资产：30 工作进度（4把）","timestamp":"2017-08-28T07:56:57.559Z"}
{"level":"info","message":"机器人【1】号 => ， 游戏完成, 收入: 14 支出：20 返奖率：0.7  总资产：24 工作进度（5把）","timestamp":"2017-08-28T07:56:58.507Z"}
{"level":"info","message":"机器人【1】号 => ， 游戏完成, 收入: 20 支出：20 返奖率：1  总资产：24 工作进度（6把）","timestamp":"2017-08-28T07:56:59.455Z"}
{"level":"info","message":"机器人【1】号 => ， 游戏完成, 收入: 0 支出：20 返奖率：0  总资产：4 工作进度（7把）","timestamp":"2017-08-28T07:57:00.305Z"}
{"level":"info","message":"机器人【1】号 => 完成工作 ","timestamp":"2017-08-28T07:57:01.105Z"}
{"level":"info","message":"机器人【1】号 => 开始工作","timestamp":"2017-08-28T07:57:08.186Z"}
{"level":"info","message":"机器人【1】号 => ， 游戏完成, 收入: 24 支出：20 返奖率：1.2  总资产：34 工作进度（1把）","timestamp":"2017-08-28T07:57:08.633Z"}
{"level":"info","message":"机器人【1】号 => ， 游戏完成, 收入: 12 支出：20 返奖率：0.6  总资产：26 工作进度（2把）","timestamp":"2017-08-28T07:57:09.579Z"}
{"level":"info","message":"机器人【1】号 => ， 游戏完成, 收入: 0 支出：20 返奖率：0  总资产：6 工作进度（3把）","timestamp":"2017-08-28T07:57:10.426Z"}
{"level":"info","message":"机器人【1】号 => 完成工作 ","timestamp":"2017-08-28T07:57:11.227Z"}
{"level":"info","message":"机器人【1】号 => 开始工作","timestamp":"2017-08-28T07:57:27.669Z"}
{"level":"info","message":"机器人【1】号 => ， 游戏完成, 收入: 60 支出：20 返奖率：3  总资产：240 工作进度（1把）","timestamp":"2017-08-28T07:57:28.118Z"}
{"level":"info","message":"机器人【1】号 => ， 游戏完成, 收入: 50 支出：20 返奖率：2.5  总资产：270 工作进度（2把）","timestamp":"2017-08-28T07:57:29.062Z"}
{"level":"info","message":"机器人【1】号 => ， 游戏完成, 收入: 0 支出：20 返奖率：0  总资产：250 工作进度（3把）","timestamp":"2017-08-28T07:57:29.909Z"}
{"level":"info","message":"机器人【1】号 => ， 游戏完成, 收入: 0 支出：20 返奖率：0  总资产：230 工作进度（4把）","timestamp":"2017-08-28T07:57:30.860Z"}
{"level":"info","message":"机器人【1】号 => 开始工作","timestamp":"2017-08-28T07:57:34.943Z"}
{"level":"info","message":"机器人【1】号 => ， 游戏完成, 收入: 28 支出：20 返奖率：1.4  总资产：208 工作进度（1把）","timestamp":"2017-08-28T07:57:35.384Z"}
{"level":"info","message":"机器人【1】号 => ， 游戏完成, 收入: 34 支出：20 返奖率：1.7  总资产：222 工作进度（2把）","timestamp":"2017-08-28T07:57:36.326Z"}
{"level":"info","message":"机器人【1】号 => ， 游戏完成, 收入: 0 支出：20 返奖率：0  总资产：202 工作进度（3把）","timestamp":"2017-08-28T07:57:37.171Z"}
{"level":"info","message":"机器人【1】号 => ， 游戏完成, 收入: 36 支出：20 返奖率：1.8  总资产：218 工作进度（4把）","timestamp":"2017-08-28T07:57:38.125Z"}
{"level":"info","message":"机器人【1】号 => ， 游戏完成, 收入: 0 支出：20 返奖率：0  总资产：198 工作进度（5把）","timestamp":"2017-08-28T07:57:38.974Z"}
{"level":"info","message":"机器人【1】号 => ， 游戏完成, 收入: 32 支出：20 返奖率：1.6  总资产：210 工作进度（6把）","timestamp":"2017-08-28T07:57:39.918Z"}
{"level":"info","message":"机器人【1】号 => ， 游戏完成, 收入: 20 支出：20 返奖率：1  总资产：210 工作进度（7把）","timestamp":"2017-08-28T07:57:40.863Z"}
{"level":"info","message":"机器人【1】号 => ， 游戏完成, 收入: 38 支出：20 返奖率：1.9  总资产：228 工作进度（8把）","timestamp":"2017-08-28T07:57:41.810Z"}
{"level":"info","message":"机器人【1】号 => ， 游戏完成, 收入: 0 支出：20 返奖率：0  总资产：208 工作进度（9把）","timestamp":"2017-08-28T07:57:42.743Z"}
{"level":"info","message":"机器人【1】号 => 开始工作","timestamp":"2017-08-28T07:58:59.669Z"}
{"level":"error","message":"机器人【1】行动失败 , 原因: TypeError: Cannot read property 'asynPushEggArray' of undefined","timestamp":"2017-08-28T07:58:59.834Z"}
{"level":"info","message":"机器人【1】号 => 开始工作","timestamp":"2017-08-28T07:59:43.490Z"}
{"level":"info","message":"机器人【1】号 => ， 游戏完成, 收入: 0 支出：20 返奖率：0  总资产：180 工作进度（1把）","timestamp":"2017-08-28T07:59:53.994Z"}
{"level":"info","message":"机器人【1】号 => ， 游戏完成, 收入: 0 支出：20 返奖率：0  总资产：160 工作进度（2把）","timestamp":"2017-08-28T07:59:55.731Z"}
{"level":"info","message":"机器人【1】号 => ， 游戏完成, 收入: 0 支出：20 返奖率：0  总资产：140 工作进度（3把）","timestamp":"2017-08-28T07:59:56.578Z"}
{"level":"info","message":"机器人【1】号 => ， 游戏完成, 收入: 0 支出：20 返奖率：0  总资产：120 工作进度（4把）","timestamp":"2017-08-28T07:59:58.309Z"}
{"level":"info","message":"机器人【1】号 => ， 游戏完成, 收入: 0 支出：20 返奖率：0  总资产：100 工作进度（5把）","timestamp":"2017-08-28T07:59:59.156Z"}
{"level":"info","message":"机器人【1】号 => ， 游戏完成, 收入: 0 支出：20 返奖率：0  总资产：80 工作进度（6把）","timestamp":"2017-08-28T08:00:00.890Z"}
{"level":"info","message":"机器人【1】号 => 开始工作","timestamp":"2017-08-28T08:01:15.209Z"}
{"level":"info","message":"机器人【1】号 => ， 游戏完成, 收入: 56 支出：20 返奖率：2.8  总资产：236 工作进度（1把）","timestamp":"2017-08-28T08:01:16.419Z"}
{"level":"info","message":"机器人【1】号 => ， 游戏完成, 收入: 0 支出：20 返奖率：0  总资产：216 工作进度（2把）","timestamp":"2017-08-28T08:01:17.266Z"}
{"level":"info","message":"机器人【1】号 => 开始工作","timestamp":"2017-08-28T08:09:29.381Z"}
{"level":"info","message":"机器人【1】号 => 开始工作","timestamp":"2017-08-28T08:09:39.697Z"}
{"level":"info","message":"机器人【1】号 => 开始工作","timestamp":"2017-08-28T08:10:05.633Z"}
{"level":"info","message":"机器人【1】号 => 开始工作","timestamp":"2017-08-28T08:10:19.229Z"}
{"level":"info","message":"机器人【1】号 => ， 游戏完成, 收入: 30 支出：20 返奖率：1.5  总资产：210 工作进度（1把）","timestamp":"2017-08-28T08:10:20.410Z"}
{"level":"info","message":"机器人【1】号 => ， 游戏完成, 收入: 56 支出：20 返奖率：2.8  总资产：246 工作进度（2把）","timestamp":"2017-08-28T08:10:21.354Z"}
{"level":"info","message":"机器人【1】号 => 开始工作","timestamp":"2017-08-28T08:10:38.800Z"}
{"level":"info","message":"机器人【1】号 => 开始工作","timestamp":"2017-08-28T08:10:51.142Z"}
{"level":"info","message":"机器人【1】号 => 开始工作","timestamp":"2017-08-28T08:12:00.516Z"}
{"level":"info","message":"机器人【1】号 => 开始工作","timestamp":"2017-08-28T08:12:08.210Z"}
{"level":"info","message":"机器人【1】号 => 开始工作","timestamp":"2017-08-28T08:12:37.775Z"}
{"level":"info","message":"机器人【1】号 => 开始工作","timestamp":"2017-08-28T08:24:59.784Z"}
{"level":"info","message":"机器人【1】号 => 开始工作","timestamp":"2017-08-28T08:25:16.804Z"}
{"level":"info","message":"机器人【1】号 => 开始工作","timestamp":"2017-08-28T08:25:45.153Z"}
{"level":"info","message":"机器人【1】号 => 开始工作","timestamp":"2017-08-28T08:25:52.872Z"}
{"level":"info","message":"机器人【1】号 => 开始工作","timestamp":"2017-08-28T08:26:06.261Z"}
{"level":"info","message":"机器人【1】号 => ， 游戏完成, 收入: 36 支出：20 返奖率：1.8  总资产：216 工作进度（1把）","timestamp":"2017-08-28T08:26:07.483Z"}
{"level":"info","message":"机器人【1】号 => ， 游戏完成, 收入: 30 支出：20 返奖率：1.5  总资产：226 工作进度（2把）","timestamp":"2017-08-28T08:26:08.430Z"}
