{"level":"info","message":"机器人【73bca180bea611e78fb97b27601568e4-001-1】号 => 开始工作","timestamp":"2017-11-01T01:46:17.368Z"}
{"level":"info","message":"机器人 73bca180bea611e78fb97b27601568e4-001-1-游客421-291194 加入金币： 10000","timestamp":"2017-11-01T01:46:17.558Z"}
{"level":"info","message":"机器人 73bca180bea611e78fb97b27601568e4-001-1-游客421-291194 成功进入房间： 001","timestamp":"2017-11-01T01:46:17.558Z"}
{"level":"info","message":"机器人 73bca180bea611e78fb97b27601568e4-001-1-游客421-291194 玩一把汉堡 1509500777588","timestamp":"2017-11-01T01:46:17.588Z"}
{"level":"info","message":"机器人 73bca180bea611e78fb97b27601568e4-001-1-游客421-291194 totalWin: undefined 剩余金币：NaN 到目前为止总利润: NaN","timestamp":"2017-11-01T01:46:17.618Z"}
{"level":"info","message":"机器人【93cb43f0bea611e7a89819b166d16332-001-3】号 => 开始工作","timestamp":"2017-11-01T01:47:11.151Z"}
{"level":"info","message":"机器人 93cb43f0bea611e7a89819b166d16332-001-3-游客582-203923 加入金币： 100000","timestamp":"2017-11-01T01:47:11.261Z"}
{"level":"info","message":"机器人 93cb43f0bea611e7a89819b166d16332-001-3-游客582-203923 成功进入房间： 001","timestamp":"2017-11-01T01:47:11.261Z"}
{"level":"info","message":"机器人 93cb43f0bea611e7a89819b166d16332-001-3-游客582-203923 玩一把汉堡 1509500831271","timestamp":"2017-11-01T01:47:11.271Z"}
{"level":"info","message":"机器人 93cb43f0bea611e7a89819b166d16332-001-3-游客582-203923 totalWin: undefined 剩余金币：NaN 到目前为止总利润: NaN","timestamp":"2017-11-01T01:47:11.281Z"}
{"level":"info","message":"机器人【9a1845a0bea611e7ba369df2ac7b80f5-001-5】号 => 开始工作","timestamp":"2017-11-01T01:47:21.722Z"}
{"level":"info","message":"机器人 9a1845a0bea611e7ba369df2ac7b80f5-001-5-游客024-299503 加入金币： 2000000","timestamp":"2017-11-01T01:47:21.822Z"}
{"level":"info","message":"机器人 9a1845a0bea611e7ba369df2ac7b80f5-001-5-游客024-299503 成功进入房间： 001","timestamp":"2017-11-01T01:47:21.832Z"}
{"level":"info","message":"机器人 9a1845a0bea611e7ba369df2ac7b80f5-001-5-游客024-299503 玩一把汉堡 1509500841832","timestamp":"2017-11-01T01:47:21.832Z"}
{"level":"info","message":"机器人 9a1845a0bea611e7ba369df2ac7b80f5-001-5-游客024-299503 totalWin: undefined 剩余金币：NaN 到目前为止总利润: NaN","timestamp":"2017-11-01T01:47:21.842Z"}
{"level":"info","message":"机器人 9a1845a0bea611e7ba369df2ac7b80f5-001-5-游客024-299503 剩余金币：NaN 余额不足","timestamp":"2017-11-01T01:47:31.862Z"}
{"level":"info","message":"机器人 9a1845a0bea611e7ba369df2ac7b80f5-001-5-游客024-299503 玩一把汉堡 1509500851872","timestamp":"2017-11-01T01:47:31.872Z"}
{"level":"info","message":"机器人 9a1845a0bea611e7ba369df2ac7b80f5-001-5-游客024-299503 totalWin: undefined 剩余金币：NaN 到目前为止总利润: NaN","timestamp":"2017-11-01T01:47:31.902Z"}
{"level":"info","message":"机器人【a0b90ca0bea611e7b1c461ffae651963-001-4】号 => 开始工作","timestamp":"2017-11-01T01:47:32.842Z"}
{"level":"info","message":"机器人 a0b90ca0bea611e7b1c461ffae651963-001-4-游客047-297489 加入金币： 1000000","timestamp":"2017-11-01T01:47:32.942Z"}
{"level":"info","message":"机器人 a0b90ca0bea611e7b1c461ffae651963-001-4-游客047-297489 成功进入房间： 001","timestamp":"2017-11-01T01:47:32.952Z"}
{"level":"info","message":"机器人 a0b90ca0bea611e7b1c461ffae651963-001-4-游客047-297489 玩一把汉堡 1509500852962","timestamp":"2017-11-01T01:47:32.962Z"}
{"level":"info","message":"机器人 a0b90ca0bea611e7b1c461ffae651963-001-4-游客047-297489 totalWin: undefined 剩余金币：NaN 到目前为止总利润: NaN","timestamp":"2017-11-01T01:47:32.972Z"}
{"level":"info","message":"机器人【a7400a10bea611e7a9ea0d558118505c-001-5】号 => 开始工作","timestamp":"2017-11-01T01:47:43.803Z"}
{"level":"info","message":"机器人 a7400a10bea611e7a9ea0d558118505c-001-5-游客310-213665 加入金币： 2000000","timestamp":"2017-11-01T01:47:43.903Z"}
{"level":"info","message":"机器人 a7400a10bea611e7a9ea0d558118505c-001-5-游客310-213665 成功进入房间： 001","timestamp":"2017-11-01T01:47:43.913Z"}
{"level":"info","message":"机器人 a7400a10bea611e7a9ea0d558118505c-001-5-游客310-213665 玩一把汉堡 1509500863913","timestamp":"2017-11-01T01:47:43.913Z"}
{"level":"error","message":"机器人【a7400a10bea611e7a9ea0d558118505c-001-5-游客310-213665】行动失败 , 原因: TypeError: Cannot read property 'totalWin' of undefined","timestamp":"2017-11-01T01:47:43.913Z"}
{"level":"info","message":"机器人【a7400a10bea611e7a9ea0d558118505c-001-5-游客310-213665】stop ","timestamp":"2017-11-01T01:47:43.923Z"}
{"level":"info","message":"机器人【b3881ce0bea611e7a2508b329c24fbf1-001-5】号 => 开始工作","timestamp":"2017-11-01T01:48:04.408Z"}
{"level":"info","message":"机器人 b3881ce0bea611e7a2508b329c24fbf1-001-5-游客656-283567 加入金币： 2000000","timestamp":"2017-11-01T01:48:04.498Z"}
{"level":"info","message":"机器人 b3881ce0bea611e7a2508b329c24fbf1-001-5-游客656-283567 成功进入房间： 001","timestamp":"2017-11-01T01:48:04.508Z"}
{"level":"info","message":"机器人 b3881ce0bea611e7a2508b329c24fbf1-001-5-游客656-283567 玩一把汉堡 1509500884508","timestamp":"2017-11-01T01:48:04.508Z"}
{"level":"info","message":"机器人 b3881ce0bea611e7a2508b329c24fbf1-001-5-游客656-283567 totalWin: 5000 剩余金币：1995000 到目前为止总利润: -5000","timestamp":"2017-11-01T01:48:04.518Z"}
{"level":"info","message":"机器人 b3881ce0bea611e7a2508b329c24fbf1-001-5-游客656-283567 玩一把汉堡 1509500902538","timestamp":"2017-11-01T01:48:22.538Z"}
{"level":"info","message":"机器人 b3881ce0bea611e7a2508b329c24fbf1-001-5-游客656-283567 totalWin: 36000 剩余金币：2021000 到目前为止总利润: 21000","timestamp":"2017-11-01T01:48:22.578Z"}
{"level":"info","message":"机器人 b3881ce0bea611e7a2508b329c24fbf1-001-5-游客656-283567 玩一把汉堡 1509500920599","timestamp":"2017-11-01T01:48:40.599Z"}
{"level":"info","message":"机器人 b3881ce0bea611e7a2508b329c24fbf1-001-5-游客656-283567 totalWin: 0 剩余金币：2011000 到目前为止总利润: 11000","timestamp":"2017-11-01T01:48:40.629Z"}
{"level":"info","message":"机器人【928a6a10bea711e7abd7351be8ebfb97-001-1】号 => 开始工作","timestamp":"2017-11-01T01:54:18.545Z"}
{"level":"info","message":"机器人 928a6a10bea711e7abd7351be8ebfb97-001-1-游客974-231401 加入金币： 10000","timestamp":"2017-11-01T01:54:18.655Z"}
{"level":"info","message":"机器人 928a6a10bea711e7abd7351be8ebfb97-001-1-游客974-231401 成功进入房间： 001","timestamp":"2017-11-01T01:54:18.665Z"}
{"level":"info","message":"机器人 928a6a10bea711e7abd7351be8ebfb97-001-1-游客974-231401 玩一把汉堡 1509501258665","timestamp":"2017-11-01T01:54:18.665Z"}
{"level":"info","message":"机器人 928a6a10bea711e7abd7351be8ebfb97-001-1-游客974-231401 totalWin: 0 剩余金币：5000 到目前为止总利润: -5000","timestamp":"2017-11-01T01:54:18.665Z"}
{"level":"info","message":"机器人 928a6a10bea711e7abd7351be8ebfb97-001-1-游客974-231401 玩一把汉堡 1509501268682","timestamp":"2017-11-01T01:54:28.682Z"}
{"level":"info","message":"机器人 928a6a10bea711e7abd7351be8ebfb97-001-1-游客974-231401 totalWin: 2000 剩余金币：4500 到目前为止总利润: -5500","timestamp":"2017-11-01T01:54:28.732Z"}
{"level":"info","message":"机器人【a10bf220bea711e791c5dfcbc169a929-001-1】号 => 开始工作","timestamp":"2017-11-01T01:54:42.882Z"}
{"level":"info","message":"机器人 a10bf220bea711e791c5dfcbc169a929-001-1-游客190-255275 加入金币： 10000","timestamp":"2017-11-01T01:54:42.972Z"}
{"level":"info","message":"机器人 a10bf220bea711e791c5dfcbc169a929-001-1-游客190-255275 成功进入房间： 001","timestamp":"2017-11-01T01:54:42.982Z"}
{"level":"info","message":"机器人 a10bf220bea711e791c5dfcbc169a929-001-1-游客190-255275 玩一把汉堡 1509501282982","timestamp":"2017-11-01T01:54:42.982Z"}
{"level":"info","message":"机器人 a10bf220bea711e791c5dfcbc169a929-001-1-游客190-255275 totalWin: 23500 剩余金币：28500 到目前为止总利润: 18500","timestamp":"2017-11-01T01:54:42.992Z"}
{"level":"info","message":"机器人【b35cb860beac11e7b98bcd27bd1dabb3-001-2】号 => 开始工作","timestamp":"2017-11-01T02:31:01.104Z"}
{"level":"error","message":"机器人【b35cb860beac11e7b98bcd27bd1dabb3-001-2】 socket close , 原因: 1000 ","timestamp":"2017-11-01T02:31:01.184Z"}
{"level":"info","message":"机器人 b35cb860beac11e7b98bcd27bd1dabb3-001-2-游客757-267835 加入金币： 50000","timestamp":"2017-11-01T02:31:01.264Z"}
{"level":"info","message":"机器人 b35cb860beac11e7b98bcd27bd1dabb3-001-2-游客757-267835 成功进入房间： 001","timestamp":"2017-11-01T02:31:01.274Z"}
{"level":"info","message":"机器人 b35cb860beac11e7b98bcd27bd1dabb3-001-2-游客757-267835 玩一把汉堡 1509503461274","timestamp":"2017-11-01T02:31:01.274Z"}
{"level":"info","message":"机器人太空夺宝 b35cb860beac11e7b98bcd27bd1dabb3-001-2-游客757-267835 totalWin: 10000 剩余金币：50000 到目前为止总利润: 0","timestamp":"2017-11-01T02:31:01.284Z"}
{"level":"info","message":"机器人 b35cb860beac11e7b98bcd27bd1dabb3-001-2-游客757-267835 玩一把汉堡 1509503476301","timestamp":"2017-11-01T02:31:16.301Z"}
{"level":"info","message":"机器人太空夺宝 b35cb860beac11e7b98bcd27bd1dabb3-001-2-游客757-267835 totalWin: 0 剩余金币：40000 到目前为止总利润: -10000","timestamp":"2017-11-01T02:31:16.321Z"}
{"level":"info","message":"机器人 b35cb860beac11e7b98bcd27bd1dabb3-001-2-游客757-267835 玩一把汉堡 1509503486341","timestamp":"2017-11-01T02:31:26.341Z"}
{"level":"info","message":"机器人太空夺宝 b35cb860beac11e7b98bcd27bd1dabb3-001-2-游客757-267835 totalWin: 0 剩余金币：30000 到目前为止总利润: -20000","timestamp":"2017-11-01T02:31:26.361Z"}
{"level":"info","message":"机器人 b35cb860beac11e7b98bcd27bd1dabb3-001-2-游客757-267835 玩一把汉堡 1509503496381","timestamp":"2017-11-01T02:31:36.381Z"}
{"level":"info","message":"机器人太空夺宝 b35cb860beac11e7b98bcd27bd1dabb3-001-2-游客757-267835 totalWin: 0 剩余金币：20000 到目前为止总利润: -30000","timestamp":"2017-11-01T02:31:36.391Z"}
{"level":"info","message":"机器人 b35cb860beac11e7b98bcd27bd1dabb3-001-2-游客757-267835 玩一把汉堡 1509503506413","timestamp":"2017-11-01T02:31:46.413Z"}
{"level":"info","message":"机器人太空夺宝 b35cb860beac11e7b98bcd27bd1dabb3-001-2-游客757-267835 totalWin: 8000 剩余金币：18000 到目前为止总利润: -32000","timestamp":"2017-11-01T02:31:46.433Z"}
{"level":"info","message":"机器人 b35cb860beac11e7b98bcd27bd1dabb3-001-2-游客757-267835 玩一把汉堡 1509503523454","timestamp":"2017-11-01T02:32:03.454Z"}
{"level":"info","message":"机器人太空夺宝 b35cb860beac11e7b98bcd27bd1dabb3-001-2-游客757-267835 totalWin: 10000 剩余金币：18000 到目前为止总利润: -32000","timestamp":"2017-11-01T02:32:03.484Z"}
