{"level":"info","message":"机器人【】号 => 开始工作","timestamp":"2017-10-27T01:28:25.080Z"}
{"level":"info","message":"机器人【】号 => 开始工作","timestamp":"2017-10-27T01:31:05.916Z"}
{"level":"info","message":"机器人【】号 => 开始工作","timestamp":"2017-10-27T01:31:20.720Z"}
{"level":"info","message":"机器人【】号 => 开始工作","timestamp":"2017-10-27T01:32:23.207Z"}
{"level":"info","message":"机器人【】号 => 开始工作","timestamp":"2017-10-27T01:36:52.630Z"}
{"level":"info","message":"机器人【】号 => 开始工作","timestamp":"2017-10-27T01:37:05.563Z"}
{"level":"error","message":"机器人【】行动失败 , 原因: 网络接口错误: enter, {\"code\":500}","timestamp":"2017-10-27T01:37:05.610Z"}
{"level":"info","message":"机器人【】stop ","timestamp":"2017-10-27T01:37:05.610Z"}
{"level":"info","message":"机器人【】号 => 开始工作","timestamp":"2017-10-27T01:41:27.713Z"}
{"level":"error","message":"机器人【】行动失败 , 原因: 网络接口错误: enter, {\"users\":[\"1\",\"yanghan\"]}","timestamp":"2017-10-27T01:41:27.760Z"}
{"level":"info","message":"机器人【】stop ","timestamp":"2017-10-27T01:41:27.760Z"}
{"level":"info","message":"机器人【】号 => 开始工作","timestamp":"2017-10-27T01:41:51.721Z"}
{"level":"error","message":"机器人【】行动失败 , 原因: 网络接口错误: enter, {\"users\":[\"1\",\"yanghan\"]}","timestamp":"2017-10-27T01:41:51.783Z"}
{"level":"info","message":"机器人【】stop ","timestamp":"2017-10-27T01:41:51.783Z"}
{"level":"info","message":"机器人【】号 => 开始工作","timestamp":"2017-10-27T01:46:58.792Z"}
{"level":"error","message":"机器人【】行动失败 , 原因: 网络接口错误: enter, {\"users\":[\"yanghan\"]}","timestamp":"2017-10-27T01:46:58.837Z"}
{"level":"info","message":"机器人【】stop ","timestamp":"2017-10-27T01:46:58.837Z"}
{"level":"info","message":"机器人【】号 => 开始工作","timestamp":"2017-10-27T02:07:13.575Z"}
{"level":"error","message":"机器人【】行动失败 , 原因: 网络接口错误: enter, {\"users\":[\"yanghan\"]}","timestamp":"2017-10-27T02:07:13.621Z"}
{"level":"info","message":"机器人【】stop ","timestamp":"2017-10-27T02:07:13.622Z"}
{"level":"info","message":"机器人【】号 => 开始工作","timestamp":"2017-10-27T02:07:57.577Z"}
{"level":"error","message":"机器人【】行动失败 , 原因: 网络接口错误: enter, {\"users\":[\"yanghan1\"]}","timestamp":"2017-10-27T02:07:57.625Z"}
{"level":"info","message":"机器人【】stop ","timestamp":"2017-10-27T02:07:57.625Z"}
{"level":"info","message":"机器人【】号 => 开始工作","timestamp":"2017-10-27T02:08:27.850Z"}
{"level":"error","message":"机器人【】行动失败 , 原因: 网络接口错误: enter, {\"users\":[\"yanghan1\"]}","timestamp":"2017-10-27T02:08:27.897Z"}
{"level":"info","message":"机器人【】stop ","timestamp":"2017-10-27T02:08:27.897Z"}
{"level":"info","message":"机器人【】号 => 开始工作","timestamp":"2017-10-27T02:10:38.659Z"}
{"level":"error","message":"机器人【】行动失败 , 原因: 网络接口错误: enter, {\"users\":[\"j\"]}","timestamp":"2017-10-27T02:10:38.702Z"}
{"level":"info","message":"机器人【】stop ","timestamp":"2017-10-27T02:10:38.702Z"}
{"level":"info","message":"机器人【】号 => 开始工作","timestamp":"2017-10-27T02:10:58.405Z"}
{"level":"error","message":"机器人【】行动失败 , 原因: 网络接口错误: enter, {\"users\":[\"j\"]}","timestamp":"2017-10-27T02:10:58.448Z"}
{"level":"info","message":"机器人【】stop ","timestamp":"2017-10-27T02:10:58.448Z"}
{"level":"info","message":"机器人【】号 => 开始工作","timestamp":"2017-10-27T02:13:41.667Z"}
{"level":"error","message":"机器人【】行动失败 , 原因: 网络接口错误: enter, {\"users\":[\"j\"]}","timestamp":"2017-10-27T02:13:41.712Z"}
{"level":"info","message":"机器人【】stop ","timestamp":"2017-10-27T02:13:41.713Z"}
{"level":"info","message":"机器人【】号 => 开始工作","timestamp":"2017-10-27T02:13:56.734Z"}
{"level":"error","message":"机器人【】行动失败 , 原因: 网络接口错误: enter, {\"users\":[\"j\"]}","timestamp":"2017-10-27T02:13:56.782Z"}
{"level":"info","message":"机器人【】stop ","timestamp":"2017-10-27T02:13:56.782Z"}
{"level":"info","message":"机器人【】号 => 开始工作","timestamp":"2017-10-27T02:14:14.524Z"}
{"level":"error","message":"机器人【】行动失败 , 原因: 网络接口错误: enter, {\"users\":[\"j\"]}","timestamp":"2017-10-27T02:14:14.573Z"}
{"level":"info","message":"机器人【】stop ","timestamp":"2017-10-27T02:14:14.573Z"}
{"level":"info","message":"机器人【】号 => 开始工作","timestamp":"2017-10-27T02:14:24.847Z"}
{"level":"info","message":"机器人【】号 => 开始工作","timestamp":"2017-10-27T02:14:30.018Z"}
{"level":"info","message":"机器人【】号 => 开始工作","timestamp":"2017-10-27T02:14:54.420Z"}
{"level":"error","message":"机器人【】行动失败 , 原因: 网络接口错误: enter, {\"code\":500}","timestamp":"2017-10-27T02:14:54.463Z"}
{"level":"info","message":"机器人【】stop ","timestamp":"2017-10-27T02:14:54.464Z"}
{"level":"info","message":"机器人【】号 => 开始工作","timestamp":"2017-10-27T02:15:04.631Z"}
{"level":"error","message":"机器人【】行动失败 , 原因: 网络接口错误: enter, {\"users\":[\"j\"]}","timestamp":"2017-10-27T02:15:04.676Z"}
{"level":"info","message":"机器人【】stop ","timestamp":"2017-10-27T02:15:04.677Z"}
{"level":"info","message":"机器人【】号 => 开始工作","timestamp":"2017-10-27T02:16:38.526Z"}
{"level":"info","message":"机器人【】号 => 开始工作","timestamp":"2017-10-27T02:17:29.963Z"}
{"level":"error","message":"机器人【】行动失败 , 原因: 网络接口错误: enter, {\"users\":[\"j\"]}","timestamp":"2017-10-27T02:17:30.008Z"}
{"level":"info","message":"机器人【】stop ","timestamp":"2017-10-27T02:17:30.008Z"}
{"level":"info","message":"机器人【】号 => 开始工作","timestamp":"2017-10-27T02:17:31.839Z"}
{"level":"error","message":"机器人【】行动失败 , 原因: 网络接口错误: enter, {\"users\":[\"j\"]}","timestamp":"2017-10-27T02:17:31.884Z"}
{"level":"info","message":"机器人【】stop ","timestamp":"2017-10-27T02:17:31.884Z"}
{"level":"info","message":"机器人【】号 => 开始工作","timestamp":"2017-10-27T02:17:33.014Z"}
{"level":"error","message":"机器人【】行动失败 , 原因: 网络接口错误: enter, {\"users\":[\"j\"]}","timestamp":"2017-10-27T02:17:33.057Z"}
{"level":"info","message":"机器人【】stop ","timestamp":"2017-10-27T02:17:33.058Z"}
{"level":"info","message":"机器人【】号 => 开始工作","timestamp":"2017-10-27T02:17:40.430Z"}
{"level":"error","message":"机器人【】行动失败 , 原因: 网络接口错误: enter, {\"users\":[\"j\"]}","timestamp":"2017-10-27T02:17:40.476Z"}
{"level":"info","message":"机器人【】stop ","timestamp":"2017-10-27T02:17:40.477Z"}
{"level":"info","message":"机器人【】号 => 开始工作","timestamp":"2017-10-27T02:17:45.275Z"}
{"level":"error","message":"机器人【】行动失败 , 原因: 网络接口错误: enter, {\"users\":[\"j\"]}","timestamp":"2017-10-27T02:17:45.319Z"}
{"level":"info","message":"机器人【】stop ","timestamp":"2017-10-27T02:17:45.319Z"}
{"level":"info","message":"机器人【】号 => 开始工作","timestamp":"2017-10-27T02:20:20.231Z"}
{"level":"error","message":"机器人【】行动失败 , 原因: 网络接口错误: queryEntry, {\"code\":500}","timestamp":"2017-10-27T02:20:20.268Z"}
{"level":"info","message":"机器人【】stop ","timestamp":"2017-10-27T02:20:20.268Z"}
{"level":"info","message":"机器人【】号 => 开始工作","timestamp":"2017-10-27T02:20:24.479Z"}
{"level":"error","message":"机器人【】行动失败 , 原因: 网络接口错误: enter, {\"users\":[\"j\"]}","timestamp":"2017-10-27T02:20:24.522Z"}
{"level":"info","message":"机器人【】stop ","timestamp":"2017-10-27T02:20:24.523Z"}
{"level":"info","message":"机器人【】号 => 开始工作","timestamp":"2017-10-27T02:20:56.544Z"}
{"level":"error","message":"机器人【】行动失败 , 原因: 网络接口错误: enter, {\"users\":[\"j\"]}","timestamp":"2017-10-27T02:20:56.586Z"}
{"level":"info","message":"机器人【】stop ","timestamp":"2017-10-27T02:20:56.586Z"}
{"level":"info","message":"机器人【】号 => 开始工作","timestamp":"2017-10-27T02:20:58.624Z"}
{"level":"error","message":"机器人【】行动失败 , 原因: 网络接口错误: enter, {\"users\":[\"j\"]}","timestamp":"2017-10-27T02:20:58.669Z"}
{"level":"info","message":"机器人【】stop ","timestamp":"2017-10-27T02:20:58.669Z"}
{"level":"info","message":"机器人【】号 => 开始工作","timestamp":"2017-10-27T02:21:00.714Z"}
{"level":"error","message":"机器人【】行动失败 , 原因: 网络接口错误: enter, {\"users\":[\"j\"]}","timestamp":"2017-10-27T02:21:00.757Z"}
{"level":"info","message":"机器人【】stop ","timestamp":"2017-10-27T02:21:00.757Z"}
{"level":"info","message":"机器人【】号 => 开始工作","timestamp":"2017-10-27T02:21:12.186Z"}
{"level":"error","message":"机器人【】行动失败 , 原因: 网络接口错误: enter, {\"users\":[\"j\"]}","timestamp":"2017-10-27T02:21:12.254Z"}
{"level":"info","message":"机器人【】stop ","timestamp":"2017-10-27T02:21:12.254Z"}
{"level":"info","message":"机器人【】号 => 开始工作","timestamp":"2017-10-27T02:44:51.786Z"}
{"level":"error","message":"机器人【】行动失败 , 原因: 网络接口错误: enter, {\"users\":[\"j\"]}","timestamp":"2017-10-27T02:44:51.832Z"}
{"level":"info","message":"机器人【】stop ","timestamp":"2017-10-27T02:44:51.832Z"}
{"level":"info","message":"机器人【】号 => 开始工作","timestamp":"2017-10-27T02:45:34.048Z"}
{"level":"error","message":"网络调用失败: enter, {\"users\":[\"j\"]}","timestamp":"2017-10-27T02:45:34.096Z"}
{"level":"error","message":"机器人【】行动失败 , 原因: 网络接口错误: enter, {\"users\":[\"j\"]}","timestamp":"2017-10-27T02:45:34.097Z"}
{"level":"info","message":"机器人【】stop ","timestamp":"2017-10-27T02:45:34.097Z"}
{"level":"info","message":"机器人【】号 => 开始工作","timestamp":"2017-10-27T02:51:58.173Z"}
{"level":"error","message":"机器人【】行动失败 , 原因: 网络接口错误: enter, {\"users\":[\"undefined\"]}","timestamp":"2017-10-27T02:51:58.217Z"}
{"level":"info","message":"机器人【】stop ","timestamp":"2017-10-27T02:51:58.217Z"}
{"level":"info","message":"机器人【】号 => 开始工作","timestamp":"2017-10-27T02:52:02.077Z"}
{"level":"error","message":"机器人【】行动失败 , 原因: 网络接口错误: enter, {\"users\":[\"j\"]}","timestamp":"2017-10-27T02:52:02.121Z"}
{"level":"info","message":"机器人【】stop ","timestamp":"2017-10-27T02:52:02.121Z"}
{"level":"info","message":"机器人【】号 => 开始工作","timestamp":"2017-10-27T02:52:08.803Z"}
{"level":"error","message":"机器人【】行动失败 , 原因: 网络接口错误: enter, {\"users\":[\"j1\"]}","timestamp":"2017-10-27T02:52:08.849Z"}
{"level":"info","message":"机器人【】stop ","timestamp":"2017-10-27T02:52:08.850Z"}
{"level":"info","message":"机器人【】号 => 开始工作","timestamp":"2017-10-27T02:52:16.129Z"}
{"level":"error","message":"机器人【】行动失败 , 原因: 网络接口错误: enter, {\"users\":[\"j13\"]}","timestamp":"2017-10-27T02:52:16.173Z"}
{"level":"info","message":"机器人【】stop ","timestamp":"2017-10-27T02:52:16.173Z"}
{"level":"info","message":"机器人【】号 => 开始工作","timestamp":"2017-10-27T02:55:46.302Z"}
{"level":"error","message":"机器人【】行动失败 , 原因: 网络接口错误: enter, {\"users\":[\"j131\"]}","timestamp":"2017-10-27T02:55:46.345Z"}
{"level":"info","message":"机器人【】stop ","timestamp":"2017-10-27T02:55:46.346Z"}
{"level":"info","message":"机器人【】号 => 开始工作","timestamp":"2017-10-27T03:35:26.765Z"}
{"level":"error","message":"机器人【】行动失败 , 原因: 网络接口错误: enter, {\"users\":[\"j131\"]}","timestamp":"2017-10-27T03:35:26.843Z"}
{"level":"info","message":"机器人【】stop ","timestamp":"2017-10-27T03:35:26.843Z"}
{"level":"info","message":"机器人【】号 => 开始工作","timestamp":"2017-10-27T03:37:01.083Z"}
{"level":"error","message":"机器人【】行动失败 , 原因: 网络接口错误: enter, {\"users\":[\"j131\"]}","timestamp":"2017-10-27T03:37:01.160Z"}
{"level":"info","message":"机器人【】stop ","timestamp":"2017-10-27T03:37:01.161Z"}
{"level":"info","message":"机器人【】号 => 开始工作","timestamp":"2017-10-27T03:37:36.846Z"}
{"level":"error","message":"机器人【】行动失败 , 原因: 网络接口错误: enter, {\"users\":[\"j131\"]}","timestamp":"2017-10-27T03:37:36.921Z"}
{"level":"info","message":"机器人【】stop ","timestamp":"2017-10-27T03:37:36.921Z"}
{"level":"info","message":"机器人【】号 => 开始工作","timestamp":"2017-10-27T03:38:33.932Z"}
{"level":"info","message":"机器人【】号 => 开始工作","timestamp":"2017-10-27T03:43:09.826Z"}
{"level":"error","message":"机器人【】行动失败 , 原因: 网络接口错误: chat, {\"code\":500}","timestamp":"2017-10-27T03:43:09.875Z"}
{"level":"info","message":"机器人【】stop ","timestamp":"2017-10-27T03:43:09.876Z"}
{"level":"info","message":"机器人【】号 => 开始工作","timestamp":"2017-10-27T03:43:23.211Z"}
{"level":"error","message":"机器人【】行动失败 , 原因: 网络接口错误: chat, {\"code\":500}","timestamp":"2017-10-27T03:43:23.261Z"}
{"level":"info","message":"机器人【】stop ","timestamp":"2017-10-27T03:43:23.262Z"}
{"level":"info","message":"机器人【】号 => 开始工作","timestamp":"2017-10-27T03:45:12.229Z"}
{"level":"error","message":"机器人【】行动失败 , 原因: 网络接口错误: chat, {\"code\":500}","timestamp":"2017-10-27T03:45:12.288Z"}
{"level":"info","message":"机器人【】stop ","timestamp":"2017-10-27T03:45:12.289Z"}
{"level":"info","message":"机器人【】号 => 开始工作","timestamp":"2017-10-27T03:45:52.147Z"}
{"level":"error","message":"机器人【】行动失败 , 原因: 网络接口错误: chat, {\"code\":500}","timestamp":"2017-10-27T03:45:52.199Z"}
{"level":"info","message":"机器人【】stop ","timestamp":"2017-10-27T03:45:52.200Z"}
{"level":"info","message":"机器人【】号 => 开始工作","timestamp":"2017-10-27T03:59:25.581Z"}
{"level":"info","message":"机器人【】号 => 开始工作","timestamp":"2017-10-27T03:59:59.157Z"}
{"level":"info","message":"机器人【】号 => 开始工作","timestamp":"2017-10-27T04:01:11.892Z"}
{"level":"info","message":"机器人【】号 => 开始工作","timestamp":"2017-10-27T04:01:50.983Z"}
{"level":"info","message":"机器人【】号 => 开始工作","timestamp":"2017-10-27T04:03:42.168Z"}
{"level":"info","message":"机器人【】号 => 开始工作","timestamp":"2017-10-27T04:04:13.386Z"}
{"level":"info","message":"机器人【】号 => 开始工作","timestamp":"2017-10-27T04:04:27.104Z"}
{"level":"info","message":"机器人【】号 => 开始工作","timestamp":"2017-10-27T04:05:07.505Z"}
{"level":"info","message":"机器人【】号 => 开始工作","timestamp":"2017-10-27T04:05:36.735Z"}
{"level":"info","message":"机器人【】号 => 开始工作","timestamp":"2017-10-27T04:37:25.128Z"}
{"level":"error","message":"机器人【】行动失败 , 原因: 网络接口错误: queryEntry, {\"code\":500}","timestamp":"2017-10-27T04:37:25.173Z"}
{"level":"info","message":"机器人【】stop ","timestamp":"2017-10-27T04:37:25.174Z"}
{"level":"info","message":"机器人【】号 => 开始工作","timestamp":"2017-10-27T04:40:05.182Z"}
{"level":"info","message":"机器人【】号 => 开始工作","timestamp":"2017-10-27T04:41:25.478Z"}
{"level":"info","message":"机器人【】号 => 开始工作","timestamp":"2017-10-27T04:41:45.531Z"}
{"level":"info","message":"机器人【】号 => 开始工作","timestamp":"2017-10-27T04:44:07.363Z"}
{"level":"info","message":"机器人【】号 => 开始工作","timestamp":"2017-10-27T04:44:52.032Z"}
{"level":"info","message":"机器人【】号 => 开始工作","timestamp":"2017-10-27T04:45:54.854Z"}
{"level":"info","message":"机器人【】号 => 开始工作","timestamp":"2017-10-27T04:56:52.540Z"}
{"level":"info","message":"机器人【】号 => 开始工作","timestamp":"2017-10-27T04:59:00.710Z"}
{"level":"info","message":"机器人【】号 => 开始工作","timestamp":"2017-10-27T05:01:43.007Z"}
{"level":"info","message":"机器人【】号 => 开始工作","timestamp":"2017-10-27T06:00:27.658Z"}
