{"level":"error","message":"机器人【】行动失败 , 原因: 网络接口错误: enter, {\"code\":500}","timestamp":"2017-10-27T01:37:05.610Z"}
{"level":"error","message":"机器人【】行动失败 , 原因: 网络接口错误: enter, {\"users\":[\"1\",\"yanghan\"]}","timestamp":"2017-10-27T01:41:27.760Z"}
{"level":"error","message":"机器人【】行动失败 , 原因: 网络接口错误: enter, {\"users\":[\"1\",\"yanghan\"]}","timestamp":"2017-10-27T01:41:51.783Z"}
{"level":"error","message":"机器人【】行动失败 , 原因: 网络接口错误: enter, {\"users\":[\"yanghan\"]}","timestamp":"2017-10-27T01:46:58.837Z"}
{"level":"error","message":"机器人【】行动失败 , 原因: 网络接口错误: enter, {\"users\":[\"yanghan\"]}","timestamp":"2017-10-27T02:07:13.621Z"}
{"level":"error","message":"机器人【】行动失败 , 原因: 网络接口错误: enter, {\"users\":[\"yanghan1\"]}","timestamp":"2017-10-27T02:07:57.625Z"}
{"level":"error","message":"机器人【】行动失败 , 原因: 网络接口错误: enter, {\"users\":[\"yanghan1\"]}","timestamp":"2017-10-27T02:08:27.897Z"}
{"level":"error","message":"机器人【】行动失败 , 原因: 网络接口错误: enter, {\"users\":[\"j\"]}","timestamp":"2017-10-27T02:10:38.702Z"}
{"level":"error","message":"机器人【】行动失败 , 原因: 网络接口错误: enter, {\"users\":[\"j\"]}","timestamp":"2017-10-27T02:10:58.448Z"}
{"level":"error","message":"机器人【】行动失败 , 原因: 网络接口错误: enter, {\"users\":[\"j\"]}","timestamp":"2017-10-27T02:13:41.712Z"}
{"level":"error","message":"机器人【】行动失败 , 原因: 网络接口错误: enter, {\"users\":[\"j\"]}","timestamp":"2017-10-27T02:13:56.782Z"}
{"level":"error","message":"机器人【】行动失败 , 原因: 网络接口错误: enter, {\"users\":[\"j\"]}","timestamp":"2017-10-27T02:14:14.573Z"}
{"level":"error","message":"机器人【】行动失败 , 原因: 网络接口错误: enter, {\"code\":500}","timestamp":"2017-10-27T02:14:54.463Z"}
{"level":"error","message":"机器人【】行动失败 , 原因: 网络接口错误: enter, {\"users\":[\"j\"]}","timestamp":"2017-10-27T02:15:04.676Z"}
{"level":"error","message":"机器人【】行动失败 , 原因: 网络接口错误: enter, {\"users\":[\"j\"]}","timestamp":"2017-10-27T02:17:30.008Z"}
{"level":"error","message":"机器人【】行动失败 , 原因: 网络接口错误: enter, {\"users\":[\"j\"]}","timestamp":"2017-10-27T02:17:31.884Z"}
{"level":"error","message":"机器人【】行动失败 , 原因: 网络接口错误: enter, {\"users\":[\"j\"]}","timestamp":"2017-10-27T02:17:33.057Z"}
{"level":"error","message":"机器人【】行动失败 , 原因: 网络接口错误: enter, {\"users\":[\"j\"]}","timestamp":"2017-10-27T02:17:40.476Z"}
{"level":"error","message":"机器人【】行动失败 , 原因: 网络接口错误: enter, {\"users\":[\"j\"]}","timestamp":"2017-10-27T02:17:45.319Z"}
{"level":"error","message":"机器人【】行动失败 , 原因: 网络接口错误: queryEntry, {\"code\":500}","timestamp":"2017-10-27T02:20:20.268Z"}
{"level":"error","message":"机器人【】行动失败 , 原因: 网络接口错误: enter, {\"users\":[\"j\"]}","timestamp":"2017-10-27T02:20:24.522Z"}
{"level":"error","message":"机器人【】行动失败 , 原因: 网络接口错误: enter, {\"users\":[\"j\"]}","timestamp":"2017-10-27T02:20:56.586Z"}
{"level":"error","message":"机器人【】行动失败 , 原因: 网络接口错误: enter, {\"users\":[\"j\"]}","timestamp":"2017-10-27T02:20:58.669Z"}
{"level":"error","message":"机器人【】行动失败 , 原因: 网络接口错误: enter, {\"users\":[\"j\"]}","timestamp":"2017-10-27T02:21:00.757Z"}
{"level":"error","message":"机器人【】行动失败 , 原因: 网络接口错误: enter, {\"users\":[\"j\"]}","timestamp":"2017-10-27T02:21:12.254Z"}
{"level":"error","message":"机器人【】行动失败 , 原因: 网络接口错误: enter, {\"users\":[\"j\"]}","timestamp":"2017-10-27T02:44:51.832Z"}
{"level":"error","message":"网络调用失败: enter, {\"users\":[\"j\"]}","timestamp":"2017-10-27T02:45:34.097Z"}
{"level":"error","message":"机器人【】行动失败 , 原因: 网络接口错误: enter, {\"users\":[\"j\"]}","timestamp":"2017-10-27T02:45:34.097Z"}
{"level":"error","message":"机器人【】行动失败 , 原因: 网络接口错误: enter, {\"users\":[\"undefined\"]}","timestamp":"2017-10-27T02:51:58.217Z"}
{"level":"error","message":"机器人【】行动失败 , 原因: 网络接口错误: enter, {\"users\":[\"j\"]}","timestamp":"2017-10-27T02:52:02.121Z"}
{"level":"error","message":"机器人【】行动失败 , 原因: 网络接口错误: enter, {\"users\":[\"j1\"]}","timestamp":"2017-10-27T02:52:08.849Z"}
{"level":"error","message":"机器人【】行动失败 , 原因: 网络接口错误: enter, {\"users\":[\"j13\"]}","timestamp":"2017-10-27T02:52:16.173Z"}
{"level":"error","message":"机器人【】行动失败 , 原因: 网络接口错误: enter, {\"users\":[\"j131\"]}","timestamp":"2017-10-27T02:55:46.345Z"}
{"level":"error","message":"机器人【】行动失败 , 原因: 网络接口错误: enter, {\"users\":[\"j131\"]}","timestamp":"2017-10-27T03:35:26.843Z"}
{"level":"error","message":"机器人【】行动失败 , 原因: 网络接口错误: enter, {\"users\":[\"j131\"]}","timestamp":"2017-10-27T03:37:01.161Z"}
{"level":"error","message":"机器人【】行动失败 , 原因: 网络接口错误: enter, {\"users\":[\"j131\"]}","timestamp":"2017-10-27T03:37:36.921Z"}
{"level":"error","message":"机器人【】行动失败 , 原因: 网络接口错误: chat, {\"code\":500}","timestamp":"2017-10-27T03:43:09.875Z"}
{"level":"error","message":"机器人【】行动失败 , 原因: 网络接口错误: chat, {\"code\":500}","timestamp":"2017-10-27T03:43:23.262Z"}
{"level":"error","message":"机器人【】行动失败 , 原因: 网络接口错误: chat, {\"code\":500}","timestamp":"2017-10-27T03:45:12.288Z"}
{"level":"error","message":"机器人【】行动失败 , 原因: 网络接口错误: chat, {\"code\":500}","timestamp":"2017-10-27T03:45:52.199Z"}
{"level":"error","message":"机器人【】行动失败 , 原因: 网络接口错误: queryEntry, {\"code\":500}","timestamp":"2017-10-27T04:37:25.173Z"}
