{"level":"error","message":"机器人【630632f0bb8311e7bce6ad617b950918-001-3-游客587-277607】行动失败 , 原因: TypeError: Cannot read property 'apply' of undefined","timestamp":"2017-10-28T01:57:43.595Z"}
{"level":"error","message":"机器人【630632f0bb8311e7bce6ad617b950918-001-3-游客587-277607】 socket close , 原因: 1000 ","timestamp":"2017-10-28T01:57:43.605Z"}
{"level":"error","message":"机器人【ddc6fba0bba611e7aae897f06ee3706c-001-2-游客332-271107】行动失败 , 原因: 网络接口错误: enterGame, {\"code\":500,\"error\":\"玩家已在游戏中\"}","timestamp":"2017-10-28T06:11:41.876Z"}
{"level":"error","message":"机器人【ddc6fba0bba611e7aae897f06ee3706c-001-2-游客332-271107】stop 退出房间失败 , 原因: 网络接口错误: leaveRoom2Game, {\"code\":500,\"error\":\"游戏房间未找到 hall.gameHandler.leaveRoom\"}","timestamp":"2017-10-28T06:11:41.886Z"}
{"level":"error","message":"机器人【e7a5d6a0bba611e79df1fb95fad50268-001-2-游客505-278757】行动失败 , 原因: ReferenceError: roomCode is not defined","timestamp":"2017-10-28T06:11:58.466Z"}
{"level":"error","message":"机器人【e7a5d6a0bba611e79df1fb95fad50268-001-2-游客505-278757】 socket close , 原因: 1000 ","timestamp":"2017-10-28T06:11:58.466Z"}
{"level":"error","message":"机器人【210e3040bba711e797a7f76aa8072b06-001-3-游客251-207787】行动失败 , 原因: ReferenceError: roomCode is not defined","timestamp":"2017-10-28T06:13:34.770Z"}
{"level":"error","message":"机器人【210e3040bba711e797a7f76aa8072b06-001-3-游客251-207787】 socket close , 原因: 1000 ","timestamp":"2017-10-28T06:13:34.770Z"}
{"level":"error","message":"机器人【2617b570bba711e7b0ce052cca370121-001-5-游客148-269463】行动失败 , 原因: ReferenceError: roomCode is not defined","timestamp":"2017-10-28T06:13:43.211Z"}
{"level":"error","message":"机器人【2617b570bba711e7b0ce052cca370121-001-5-游客148-269463】 socket close , 原因: 1000 ","timestamp":"2017-10-28T06:13:43.211Z"}
{"level":"error","message":"机器人【03b474b0bd5411e7ae4b0b4f99a137d8-001-1-游客811-268839】行动失败 , 原因: ReferenceError: memory is not defined","timestamp":"2017-10-30T09:23:39.967Z"}
{"level":"error","message":"机器人【03b474b0bd5411e7ae4b0b4f99a137d8-001-1-游客811-268839】 socket close , 原因: 1000 ","timestamp":"2017-10-30T09:23:39.999Z"}
{"level":"error","message":"机器人【1a4a50f0bd5411e78c4c717179bc742a-001-3-游客405-242493】行动失败 , 原因: ReferenceError: memory is not defined","timestamp":"2017-10-30T09:24:17.641Z"}
{"level":"error","message":"机器人【1a4a50f0bd5411e78c4c717179bc742a-001-3-游客405-242493】 socket close , 原因: 1000 ","timestamp":"2017-10-30T09:24:17.657Z"}
{"level":"error","message":"机器人【2841c170bd5411e78d5c59bcc5f5141a-001-3-游客879-241688】行动失败 , 原因: ReferenceError: memory is not defined","timestamp":"2017-10-30T09:24:41.073Z"}
{"level":"error","message":"机器人【2841c170bd5411e78d5c59bcc5f5141a-001-3-游客879-241688】 socket close , 原因: 1000 ","timestamp":"2017-10-30T09:24:41.089Z"}
{"level":"error","message":"机器人【2f4bd190bd5411e7ad29b159b7ea9a0b-001-1-游客696-272816】行动失败 , 原因: ReferenceError: memory is not defined","timestamp":"2017-10-30T09:24:52.805Z"}
{"level":"error","message":"机器人【2f4bd190bd5411e7ad29b159b7ea9a0b-001-1-游客696-272816】 socket close , 原因: 1000 ","timestamp":"2017-10-30T09:24:52.820Z"}
{"level":"error","message":"机器人【c76a2630be1611e786b2d324ce609ebe-001-5-游客147-230375】行动失败 , 原因: 网络接口错误: enterGame, {\"code\":500,\"error\":\"参数有误 enterGame\"}","timestamp":"2017-10-31T08:37:50.320Z"}
{"level":"error","message":"机器人【c76a2630be1611e786b2d324ce609ebe-001-5-游客147-230375】stop 退出房间失败 , 原因: 网络接口错误: leaveRoom2Game, {\"code\":500,\"error\":\"游戏未找到 hall.gameHandler.leaveRoom\"}","timestamp":"2017-10-31T08:37:50.320Z"}
{"level":"error","message":"机器人【e2670610be1611e792ff07c5bffe1402-001-4-游客501-219149】行动失败 , 原因: 网络接口错误: enterGame, {\"code\":500,\"error\":\"参数有误 enterGame\"}","timestamp":"2017-10-31T08:38:35.598Z"}
{"level":"error","message":"机器人【e2670610be1611e792ff07c5bffe1402-001-4-游客501-219149】stop 退出房间失败 , 原因: 网络接口错误: leaveRoom2Game, {\"code\":500,\"error\":\"游戏未找到 hall.gameHandler.leaveRoom\"}","timestamp":"2017-10-31T08:38:35.598Z"}
{"level":"error","message":"机器人【efc3bd30be1611e79371714ae5169684-001-4-游客839-211200】行动失败 , 原因: 网络接口错误: enterGame, {\"code\":500,\"error\":\"参数有误 enterGame\"}","timestamp":"2017-10-31T08:38:58.017Z"}
{"level":"error","message":"机器人【efc3bd30be1611e79371714ae5169684-001-4-游客839-211200】stop 退出房间失败 , 原因: 网络接口错误: leaveRoom2Game, {\"code\":500,\"error\":\"游戏未找到 hall.gameHandler.leaveRoom\"}","timestamp":"2017-10-31T08:38:58.017Z"}
{"level":"error","message":"机器人【258778d0be1711e7b52ad5342a929d89-001-5-游客757-294479】行动失败 , 原因: 网络接口错误: enterGame, {\"code\":500,\"error\":\"参数有误 enterGame\"}","timestamp":"2017-10-31T08:40:28.250Z"}
{"level":"error","message":"机器人【258778d0be1711e7b52ad5342a929d89-001-5-游客757-294479】stop 退出房间失败 , 原因: 网络接口错误: leaveRoom2Game, {\"code\":500,\"error\":\"游戏未找到 hall.gameHandler.leaveRoom\"}","timestamp":"2017-10-31T08:40:28.266Z"}
{"level":"error","message":"机器人【41301f40beaa11e78a389193d540532f-001-3】 socket close , 原因: 1000 ","timestamp":"2017-11-01T02:13:30.608Z"}
{"level":"error","message":"机器人【51813730beaa11e7a8e06bb8236e3801-001-3】 socket close , 原因: 1000 ","timestamp":"2017-11-01T02:13:57.983Z"}
{"level":"error","message":"机器人【56e93010beaa11e79e22b732825ebd5d-001-5】 socket close , 原因: 1000 ","timestamp":"2017-11-01T02:14:07.063Z"}
{"level":"error","message":"机器人【6880aab0beaa11e783c9bdcf4fd96bec-001-1】 socket close , 原因: 1000 ","timestamp":"2017-11-01T02:14:36.577Z"}
{"level":"error","message":"机器人【84d133b0beaa11e79f019f4aae1bd09a-001-4】 socket close , 原因: 1000 ","timestamp":"2017-11-01T02:15:24.081Z"}
{"level":"error","message":"机器人【9bd206c0beaa11e7b52983015c5c2a95-001-1】 socket close , 原因: 1000 ","timestamp":"2017-11-01T02:16:02.664Z"}
{"level":"error","message":"机器人【ccee8170beaa11e7973f3f5c3219a7d5-001-2】 socket close , 原因: 1000 ","timestamp":"2017-11-01T02:17:25.069Z"}
{"level":"error","message":"机器人【ccee8170beaa11e7973f3f5c3219a7d5-001-2-游客881-285936】行动失败 , 原因: TypeError: global.rules.getWait2PlayDurationSecondsInMill is not a function Time: 1509502645129","timestamp":"2017-11-01T02:17:25.129Z"}
{"level":"error","message":"机器人【dd7ddae0beaa11e78fa29fe1851aaf0a-001-4】 socket close , 原因: 1000 ","timestamp":"2017-11-01T02:17:52.852Z"}
{"level":"error","message":"机器人【dd7ddae0beaa11e78fa29fe1851aaf0a-001-4-游客105-210963】行动失败 , 原因: TypeError: this.rules.getGold is not a function Time: 1509502672882","timestamp":"2017-11-01T02:17:52.882Z"}
{"level":"error","message":"机器人【4c632320beab11e79c18693ebd73415a-001-2】 socket close , 原因: 1000 ","timestamp":"2017-11-01T02:20:58.904Z"}
{"level":"error","message":"机器人【4c632320beab11e79c18693ebd73415a-001-2-游客833-221728】行动失败 , 原因: TypeError: global.rules.getWait2PlayDurationSecondsInMill is not a function Time: 1509502858954","timestamp":"2017-11-01T02:20:58.954Z"}
{"level":"error","message":"机器人【5e92e620beab11e7863af73648293b34-001-2】 socket close , 原因: 1000 ","timestamp":"2017-11-01T02:21:29.416Z"}
{"level":"error","message":"机器人【5e92e620beab11e7863af73648293b34-001-2-游客908-260864】行动失败 , 原因: TypeError: global.rules.getWait2PlayDurationSecondsInMill is not a function Time: 1509502889466","timestamp":"2017-11-01T02:21:29.466Z"}
{"level":"error","message":"机器人【746e7310beab11e78c5d892c2cc337d8-001-5】 socket close , 原因: 1000 ","timestamp":"2017-11-01T02:22:06.077Z"}
{"level":"error","message":"机器人【746e7310beab11e78c5d892c2cc337d8-001-5-游客248-242521】行动失败 , 原因: TypeError: global.rules.getWait2PlayDurationSecondsInMill is not a function Time: 1509502926127","timestamp":"2017-11-01T02:22:06.127Z"}
{"level":"error","message":"机器人【90909910beab11e78d6e3f6625aabdf0-001-4】 socket close , 原因: 1000 ","timestamp":"2017-11-01T02:22:53.287Z"}
{"level":"error","message":"机器人【c7e44380beab11e7990bb3907a9ed090-001-4】 socket close , 原因: 1000 ","timestamp":"2017-11-01T02:24:26.120Z"}
{"level":"error","message":"机器人【caf490c0beab11e79c92695bb8cee5f6-001-3】 socket close , 原因: 1000 ","timestamp":"2017-11-01T02:24:31.240Z"}
{"level":"error","message":"机器人【d9f9c7c0beab11e79c1f4315a4a72437-001-3】 socket close , 原因: 1000 ","timestamp":"2017-11-01T02:24:56.450Z"}
{"level":"error","message":"机器人【21f44b40beac11e79fd073e589685f92-001-2】 socket close , 原因: 1000 ","timestamp":"2017-11-01T02:26:57.230Z"}
