{"level":"info","message":"机器人【630632f0bb8311e7bce6ad617b950918-001-3】号 => 开始工作","timestamp":"2017-10-28T01:57:43.455Z"}
{"level":"info","message":"机器人 630632f0bb8311e7bce6ad617b950918-001-3-游客587-277607 加入金币： 100000","timestamp":"2017-10-28T01:57:43.585Z"}
{"level":"info","message":"机器人 630632f0bb8311e7bce6ad617b950918-001-3-游客587-277607 成功进入房间： 001","timestamp":"2017-10-28T01:57:43.595Z"}
{"level":"info","message":"机器人 630632f0bb8311e7bce6ad617b950918-001-3-游客587-277607 开始玩一把","timestamp":"2017-10-28T01:57:43.595Z"}
{"level":"error","message":"机器人【630632f0bb8311e7bce6ad617b950918-001-3-游客587-277607】行动失败 , 原因: TypeError: Cannot read property 'apply' of undefined","timestamp":"2017-10-28T01:57:43.595Z"}
{"level":"info","message":"机器人【630632f0bb8311e7bce6ad617b950918-001-3-游客587-277607】stop ","timestamp":"2017-10-28T01:57:43.605Z"}
{"level":"error","message":"机器人【630632f0bb8311e7bce6ad617b950918-001-3-游客587-277607】 socket close , 原因: 1000 ","timestamp":"2017-10-28T01:57:43.605Z"}
{"level":"info","message":"机器人【823bb9d0bb8b11e7bd8e615c00423556-001-3】号 => 开始工作","timestamp":"2017-10-28T02:55:51.789Z"}
{"level":"info","message":"机器人 823bb9d0bb8b11e7bd8e615c00423556-001-3-游客274-239864 加入金币： 100000","timestamp":"2017-10-28T02:55:51.889Z"}
{"level":"info","message":"机器人 823bb9d0bb8b11e7bd8e615c00423556-001-3-游客274-239864 成功进入房间： 001","timestamp":"2017-10-28T02:55:51.889Z"}
{"level":"info","message":"机器人 823bb9d0bb8b11e7bd8e615c00423556-001-3-游客274-239864 开始玩一把","timestamp":"2017-10-28T02:55:51.889Z"}
{"level":"info","message":"机器人 823bb9d0bb8b11e7bd8e615c00423556-001-3-游客274-239864 totalWin: 0 剩余金币：75000 到目前为止总利润: -25000","timestamp":"2017-10-28T02:55:51.909Z"}
{"level":"info","message":"机器人 823bb9d0bb8b11e7bd8e615c00423556-001-3-游客274-239864 开始玩一把","timestamp":"2017-10-28T02:56:01.919Z"}
{"level":"info","message":"机器人 823bb9d0bb8b11e7bd8e615c00423556-001-3-游客274-239864 totalWin: 8000 剩余金币：58000 到目前为止总利润: -42000","timestamp":"2017-10-28T02:56:01.929Z"}
{"level":"info","message":"机器人 823bb9d0bb8b11e7bd8e615c00423556-001-3-游客274-239864 开始玩一把","timestamp":"2017-10-28T02:56:16.946Z"}
{"level":"info","message":"机器人 823bb9d0bb8b11e7bd8e615c00423556-001-3-游客274-239864 totalWin: 0 剩余金币：33000 到目前为止总利润: -67000","timestamp":"2017-10-28T02:56:16.956Z"}
{"level":"info","message":"机器人 823bb9d0bb8b11e7bd8e615c00423556-001-3-游客274-239864 开始玩一把","timestamp":"2017-10-28T02:56:26.971Z"}
{"level":"info","message":"机器人 823bb9d0bb8b11e7bd8e615c00423556-001-3-游客274-239864 totalWin: 0 剩余金币：8000 到目前为止总利润: -92000","timestamp":"2017-10-28T02:56:26.981Z"}
{"level":"info","message":"机器人【94d3b5b0bba511e7b8f9fdfbf7152dc6-001-3】号 => 开始工作","timestamp":"2017-10-28T06:02:29.899Z"}
{"level":"info","message":"机器人 94d3b5b0bba511e7b8f9fdfbf7152dc6-001-3-游客011-266081 加入金币： 100000","timestamp":"2017-10-28T06:02:30.029Z"}
{"level":"info","message":"机器人 94d3b5b0bba511e7b8f9fdfbf7152dc6-001-3-游客011-266081 成功进入房间： 001","timestamp":"2017-10-28T06:02:30.039Z"}
{"level":"info","message":"机器人 94d3b5b0bba511e7b8f9fdfbf7152dc6-001-3-游客011-266081 开始玩一把","timestamp":"2017-10-28T06:02:30.039Z"}
{"level":"info","message":"机器人 94d3b5b0bba511e7b8f9fdfbf7152dc6-001-3-游客011-266081 totalWin: 0 剩余金币：75000 到目前为止总利润: -25000","timestamp":"2017-10-28T06:02:30.049Z"}
{"level":"info","message":"机器人 94d3b5b0bba511e7b8f9fdfbf7152dc6-001-3-游客011-266081 开始玩一把","timestamp":"2017-10-28T06:02:40.059Z"}
{"level":"info","message":"机器人 94d3b5b0bba511e7b8f9fdfbf7152dc6-001-3-游客011-266081 totalWin: 8000 剩余金币：58000 到目前为止总利润: -42000","timestamp":"2017-10-28T06:02:40.079Z"}
{"level":"info","message":"机器人【ddc6fba0bba611e7aae897f06ee3706c-001-2】号 => 开始工作","timestamp":"2017-10-28T06:11:41.786Z"}
{"level":"error","message":"机器人【ddc6fba0bba611e7aae897f06ee3706c-001-2-游客332-271107】行动失败 , 原因: 网络接口错误: enterGame, {\"code\":500,\"error\":\"玩家已在游戏中\"}","timestamp":"2017-10-28T06:11:41.876Z"}
{"level":"error","message":"机器人【ddc6fba0bba611e7aae897f06ee3706c-001-2-游客332-271107】stop 退出房间失败 , 原因: 网络接口错误: leaveRoom2Game, {\"code\":500,\"error\":\"游戏房间未找到 hall.gameHandler.leaveRoom\"}","timestamp":"2017-10-28T06:11:41.886Z"}
{"level":"info","message":"机器人【ddc6fba0bba611e7aae897f06ee3706c-001-2-游客332-271107】stop ","timestamp":"2017-10-28T06:11:41.886Z"}
{"level":"info","message":"机器人【e7a5d6a0bba611e79df1fb95fad50268-001-2】号 => 开始工作","timestamp":"2017-10-28T06:11:58.346Z"}
{"level":"info","message":"机器人 e7a5d6a0bba611e79df1fb95fad50268-001-2-游客505-278757 加入金币： 50000","timestamp":"2017-10-28T06:11:58.446Z"}
{"level":"error","message":"机器人【e7a5d6a0bba611e79df1fb95fad50268-001-2-游客505-278757】行动失败 , 原因: ReferenceError: roomCode is not defined","timestamp":"2017-10-28T06:11:58.466Z"}
{"level":"info","message":"机器人【e7a5d6a0bba611e79df1fb95fad50268-001-2-游客505-278757】stop ","timestamp":"2017-10-28T06:11:58.466Z"}
{"level":"error","message":"机器人【e7a5d6a0bba611e79df1fb95fad50268-001-2-游客505-278757】 socket close , 原因: 1000 ","timestamp":"2017-10-28T06:11:58.466Z"}
{"level":"info","message":"机器人【210e3040bba711e797a7f76aa8072b06-001-3】号 => 开始工作","timestamp":"2017-10-28T06:13:34.660Z"}
{"level":"info","message":"机器人 210e3040bba711e797a7f76aa8072b06-001-3-游客251-207787 加入金币： 100000","timestamp":"2017-10-28T06:13:34.760Z"}
{"level":"error","message":"机器人【210e3040bba711e797a7f76aa8072b06-001-3-游客251-207787】行动失败 , 原因: ReferenceError: roomCode is not defined","timestamp":"2017-10-28T06:13:34.770Z"}
{"level":"info","message":"机器人【210e3040bba711e797a7f76aa8072b06-001-3-游客251-207787】stop ","timestamp":"2017-10-28T06:13:34.770Z"}
{"level":"error","message":"机器人【210e3040bba711e797a7f76aa8072b06-001-3-游客251-207787】 socket close , 原因: 1000 ","timestamp":"2017-10-28T06:13:34.770Z"}
{"level":"info","message":"机器人【2617b570bba711e7b0ce052cca370121-001-5】号 => 开始工作","timestamp":"2017-10-28T06:13:43.121Z"}
{"level":"info","message":"机器人 2617b570bba711e7b0ce052cca370121-001-5-游客148-269463 加入金币： 2000000","timestamp":"2017-10-28T06:13:43.201Z"}
{"level":"error","message":"机器人【2617b570bba711e7b0ce052cca370121-001-5-游客148-269463】行动失败 , 原因: ReferenceError: roomCode is not defined","timestamp":"2017-10-28T06:13:43.211Z"}
{"level":"info","message":"机器人【2617b570bba711e7b0ce052cca370121-001-5-游客148-269463】stop ","timestamp":"2017-10-28T06:13:43.211Z"}
{"level":"error","message":"机器人【2617b570bba711e7b0ce052cca370121-001-5-游客148-269463】 socket close , 原因: 1000 ","timestamp":"2017-10-28T06:13:43.211Z"}
{"level":"info","message":"机器人【48bae570bba711e78d56ef75d441fe14-001-4】号 => 开始工作","timestamp":"2017-10-28T06:14:41.223Z"}
{"level":"info","message":"机器人 48bae570bba711e78d56ef75d441fe14-001-4-游客924-246741 加入金币： 1000000","timestamp":"2017-10-28T06:14:41.303Z"}
{"level":"info","message":"机器人 48bae570bba711e78d56ef75d441fe14-001-4-游客924-246741 成功进入房间： 001","timestamp":"2017-10-28T06:14:41.313Z"}
{"level":"info","message":"机器人 48bae570bba711e78d56ef75d441fe14-001-4-游客924-246741 totalWin: 160000 剩余金币：910000 到目前为止总利润: -90000","timestamp":"2017-10-28T06:14:41.313Z"}
{"level":"info","message":"机器人 48bae570bba711e78d56ef75d441fe14-001-4-游客924-246741 totalWin: 0 剩余金币：660000 到目前为止总利润: -340000","timestamp":"2017-10-28T06:14:57.333Z"}
{"level":"info","message":"机器人 48bae570bba711e78d56ef75d441fe14-001-4-游客924-246741 totalWin: 0 剩余金币：410000 到目前为止总利润: -590000","timestamp":"2017-10-28T06:15:07.363Z"}
{"level":"info","message":"机器人 48bae570bba711e78d56ef75d441fe14-001-4-游客924-246741 totalWin: 0 剩余金币：160000 到目前为止总利润: -840000","timestamp":"2017-10-28T06:15:17.384Z"}
{"level":"info","message":"管理机器人【ebeda790-bba8-11e7-a4de-4569804974ff】号 => 开始工作","timestamp":"2017-10-28T06:26:24.521Z"}
{"level":"info","message":"初始化，向空房间 001 加入机器人","timestamp":"2017-10-28T06:26:24.611Z"}
{"level":"info","message":"向空房间 001 添加机器人 4 个，任务开始！","timestamp":"2017-10-28T06:26:24.611Z"}
{"level":"info","message":"机器人【ebfb6330bba811e7a4de4569804974ff-001-4】号 => 开始工作","timestamp":"2017-10-28T06:26:24.611Z"}
{"level":"info","message":"初始化，向空房间 002 加入机器人","timestamp":"2017-10-28T06:26:24.611Z"}
{"level":"info","message":"向空房间 002 添加机器人 2 个，任务开始！","timestamp":"2017-10-28T06:26:24.611Z"}
{"level":"info","message":"机器人【ebfb6331bba811e7a4de4569804974ff-002-3】号 => 开始工作","timestamp":"2017-10-28T06:26:24.611Z"}
{"level":"info","message":"初始化，向空房间 003 加入机器人","timestamp":"2017-10-28T06:26:24.611Z"}
{"level":"info","message":"向空房间 003 添加机器人 3 个，任务开始！","timestamp":"2017-10-28T06:26:24.611Z"}
{"level":"info","message":"机器人【ebfb6332bba811e7a4de4569804974ff-003-2】号 => 开始工作","timestamp":"2017-10-28T06:26:24.611Z"}
{"level":"info","message":"初始化，向空房间 004 加入机器人","timestamp":"2017-10-28T06:26:24.611Z"}
{"level":"info","message":"向空房间 004 添加机器人 4 个，任务开始！","timestamp":"2017-10-28T06:26:24.611Z"}
{"level":"info","message":"机器人【ebfb6333bba811e7a4de4569804974ff-004-4】号 => 开始工作","timestamp":"2017-10-28T06:26:24.611Z"}
{"level":"info","message":"初始化，向空房间 005 加入机器人","timestamp":"2017-10-28T06:26:24.611Z"}
{"level":"info","message":"向空房间 005 添加机器人 4 个，任务开始！","timestamp":"2017-10-28T06:26:24.611Z"}
{"level":"info","message":"机器人【ebfb6334bba811e7a4de4569804974ff-005-2】号 => 开始工作","timestamp":"2017-10-28T06:26:24.611Z"}
{"level":"info","message":"初始化，向空房间 006 加入机器人","timestamp":"2017-10-28T06:26:24.611Z"}
{"level":"info","message":"向空房间 006 添加机器人 2 个，任务开始！","timestamp":"2017-10-28T06:26:24.611Z"}
{"level":"info","message":"机器人【ebfb6335bba811e7a4de4569804974ff-006-3】号 => 开始工作","timestamp":"2017-10-28T06:26:24.611Z"}
{"level":"info","message":"机器人 ebfb6332bba811e7a4de4569804974ff-003-2-游客499-272589 加入金币： 50000","timestamp":"2017-10-28T06:26:24.681Z"}
{"level":"info","message":"机器人 ebfb6330bba811e7a4de4569804974ff-001-4-游客644-225927 加入金币： 1000000","timestamp":"2017-10-28T06:26:24.681Z"}
{"level":"info","message":"机器人 ebfb6334bba811e7a4de4569804974ff-005-2-游客747-202561 加入金币： 50000","timestamp":"2017-10-28T06:26:24.691Z"}
{"level":"info","message":"机器人 ebfb6333bba811e7a4de4569804974ff-004-4-游客021-296934 加入金币： 1000000","timestamp":"2017-10-28T06:26:24.691Z"}
{"level":"info","message":"机器人 ebfb6335bba811e7a4de4569804974ff-006-3-游客992-270950 加入金币： 100000","timestamp":"2017-10-28T06:26:24.691Z"}
{"level":"info","message":"isRobot: true, isIncrement: true, num: 1, robotNumInRoom: 1 === roomCode: 003","timestamp":"2017-10-28T06:26:24.701Z"}
{"level":"info","message":"isRobot: true, isIncrement: true, num: 1, robotNumInRoom: 1 === roomCode: 001","timestamp":"2017-10-28T06:26:24.701Z"}
{"level":"info","message":"机器人 ebfb6331bba811e7a4de4569804974ff-002-3-游客660-291382 加入金币： 100000","timestamp":"2017-10-28T06:26:24.701Z"}
{"level":"info","message":"机器人 ebfb6332bba811e7a4de4569804974ff-003-2-游客499-272589 成功进入房间： 003","timestamp":"2017-10-28T06:26:24.701Z"}
{"level":"info","message":"机器人 ebfb6330bba811e7a4de4569804974ff-001-4-游客644-225927 成功进入房间： 001","timestamp":"2017-10-28T06:26:24.701Z"}
{"level":"info","message":"isRobot: true, isIncrement: true, num: 1, robotNumInRoom: 1 === roomCode: 005","timestamp":"2017-10-28T06:26:24.711Z"}
{"level":"info","message":"isRobot: true, isIncrement: true, num: 1, robotNumInRoom: 1 === roomCode: 004","timestamp":"2017-10-28T06:26:24.711Z"}
{"level":"info","message":"机器人 ebfb6334bba811e7a4de4569804974ff-005-2-游客747-202561 成功进入房间： 005","timestamp":"2017-10-28T06:26:24.711Z"}
{"level":"info","message":"isRobot: true, isIncrement: true, num: 1, robotNumInRoom: 1 === roomCode: 006","timestamp":"2017-10-28T06:26:24.721Z"}
{"level":"info","message":"isRobot: true, isIncrement: true, num: 1, robotNumInRoom: 1 === roomCode: 002","timestamp":"2017-10-28T06:26:24.721Z"}
{"level":"info","message":"机器人 ebfb6332bba811e7a4de4569804974ff-003-2-游客499-272589 totalWin: 0 剩余金币：25000 到目前为止总利润: -25000","timestamp":"2017-10-28T06:26:24.721Z"}
{"level":"info","message":"机器人 ebfb6333bba811e7a4de4569804974ff-004-4-游客021-296934 成功进入房间： 004","timestamp":"2017-10-28T06:26:24.721Z"}
{"level":"info","message":"机器人 ebfb6335bba811e7a4de4569804974ff-006-3-游客992-270950 成功进入房间： 006","timestamp":"2017-10-28T06:26:24.721Z"}
{"level":"info","message":"机器人 ebfb6330bba811e7a4de4569804974ff-001-4-游客644-225927 totalWin: 200000 剩余金币：950000 到目前为止总利润: -50000","timestamp":"2017-10-28T06:26:24.721Z"}
{"level":"info","message":"机器人 ebfb6331bba811e7a4de4569804974ff-002-3-游客660-291382 成功进入房间： 002","timestamp":"2017-10-28T06:26:24.721Z"}
{"level":"info","message":"机器人 ebfb6334bba811e7a4de4569804974ff-005-2-游客747-202561 totalWin: 0 剩余金币：25000 到目前为止总利润: -25000","timestamp":"2017-10-28T06:26:24.721Z"}
{"level":"info","message":"机器人 ebfb6333bba811e7a4de4569804974ff-004-4-游客021-296934 totalWin: 0 剩余金币：750000 到目前为止总利润: -250000","timestamp":"2017-10-28T06:26:24.731Z"}
{"level":"info","message":"机器人 ebfb6335bba811e7a4de4569804974ff-006-3-游客992-270950 totalWin: 0 剩余金币：75000 到目前为止总利润: -25000","timestamp":"2017-10-28T06:26:24.741Z"}
{"level":"info","message":"机器人 ebfb6331bba811e7a4de4569804974ff-002-3-游客660-291382 totalWin: 8000 剩余金币：83000 到目前为止总利润: -17000","timestamp":"2017-10-28T06:26:24.741Z"}
{"level":"info","message":"机器人 ebfb6332bba811e7a4de4569804974ff-003-2-游客499-272589 totalWin: 0 剩余金币：18750 到目前为止总利润: -31250","timestamp":"2017-10-28T06:26:34.757Z"}
{"level":"info","message":"机器人 ebfb6334bba811e7a4de4569804974ff-005-2-游客747-202561 totalWin: 0 剩余金币：18750 到目前为止总利润: -31250","timestamp":"2017-10-28T06:26:34.757Z"}
{"level":"info","message":"机器人 ebfb6333bba811e7a4de4569804974ff-004-4-游客021-296934 totalWin: 140000 剩余金币：640000 到目前为止总利润: -360000","timestamp":"2017-10-28T06:26:34.757Z"}
{"level":"info","message":"机器人 ebfb6335bba811e7a4de4569804974ff-006-3-游客992-270950 totalWin: 0 剩余金币：50000 到目前为止总利润: -50000","timestamp":"2017-10-28T06:26:34.757Z"}
{"level":"info","message":"机器人 ebfb6330bba811e7a4de4569804974ff-001-4-游客644-225927 totalWin: 0 剩余金币：700000 到目前为止总利润: -300000","timestamp":"2017-10-28T06:26:42.749Z"}
{"level":"info","message":"机器人 ebfb6331bba811e7a4de4569804974ff-002-3-游客660-291382 totalWin: 6000 剩余金币：64000 到目前为止总利润: -36000","timestamp":"2017-10-28T06:26:42.759Z"}
{"level":"info","message":"机器人 ebfb6332bba811e7a4de4569804974ff-003-2-游客499-272589 totalWin: 17500 剩余金币：30000 到目前为止总利润: -20000","timestamp":"2017-10-28T06:26:44.789Z"}
{"level":"info","message":"机器人 ebfb6334bba811e7a4de4569804974ff-005-2-游客747-202561 totalWin: 0 剩余金币：12500 到目前为止总利润: -37500","timestamp":"2017-10-28T06:26:44.799Z"}
{"level":"info","message":"机器人 ebfb6335bba811e7a4de4569804974ff-006-3-游客992-270950 totalWin: 0 剩余金币：25000 到目前为止总利润: -75000","timestamp":"2017-10-28T06:26:44.799Z"}
{"level":"info","message":"管理机器人【02d3c6b0-bba9-11e7-9f02-c148c5c17633】号 => 开始工作","timestamp":"2017-10-28T06:27:02.939Z"}
{"level":"info","message":"初始化，向空房间 001 加入机器人","timestamp":"2017-10-28T06:27:03.019Z"}
{"level":"info","message":"向空房间 001 添加机器人 4 个，任务开始！","timestamp":"2017-10-28T06:27:03.019Z"}
{"level":"info","message":"机器人【02e18250bba911e79f02c148c5c17633-001-2】号 => 开始工作","timestamp":"2017-10-28T06:27:03.029Z"}
{"level":"info","message":"初始化，向空房间 002 加入机器人","timestamp":"2017-10-28T06:27:03.029Z"}
{"level":"info","message":"向空房间 002 添加机器人 3 个，任务开始！","timestamp":"2017-10-28T06:27:03.029Z"}
{"level":"info","message":"机器人【02e18251bba911e79f02c148c5c17633-002-4】号 => 开始工作","timestamp":"2017-10-28T06:27:03.029Z"}
{"level":"info","message":"初始化，向空房间 003 加入机器人","timestamp":"2017-10-28T06:27:03.029Z"}
{"level":"info","message":"向空房间 003 添加机器人 2 个，任务开始！","timestamp":"2017-10-28T06:27:03.029Z"}
{"level":"info","message":"机器人【02e18252bba911e79f02c148c5c17633-003-1】号 => 开始工作","timestamp":"2017-10-28T06:27:03.029Z"}
{"level":"info","message":"初始化，向空房间 004 加入机器人","timestamp":"2017-10-28T06:27:03.029Z"}
{"level":"info","message":"向空房间 004 添加机器人 4 个，任务开始！","timestamp":"2017-10-28T06:27:03.029Z"}
{"level":"info","message":"机器人【02e18253bba911e79f02c148c5c17633-004-1】号 => 开始工作","timestamp":"2017-10-28T06:27:03.029Z"}
{"level":"info","message":"初始化，向空房间 005 加入机器人","timestamp":"2017-10-28T06:27:03.029Z"}
{"level":"info","message":"向空房间 005 添加机器人 3 个，任务开始！","timestamp":"2017-10-28T06:27:03.029Z"}
{"level":"info","message":"机器人【02e18254bba911e79f02c148c5c17633-005-3】号 => 开始工作","timestamp":"2017-10-28T06:27:03.029Z"}
{"level":"info","message":"初始化，向空房间 006 加入机器人","timestamp":"2017-10-28T06:27:03.029Z"}
{"level":"info","message":"向空房间 006 添加机器人 4 个，任务开始！","timestamp":"2017-10-28T06:27:03.029Z"}
{"level":"info","message":"机器人【02e18255bba911e79f02c148c5c17633-006-4】号 => 开始工作","timestamp":"2017-10-28T06:27:03.029Z"}
{"level":"info","message":"机器人 02e18252bba911e79f02c148c5c17633-003-1-游客111-221022 加入金币： 10000","timestamp":"2017-10-28T06:27:03.089Z"}
{"level":"info","message":"机器人 02e18253bba911e79f02c148c5c17633-004-1-游客934-238058 加入金币： 10000","timestamp":"2017-10-28T06:27:03.089Z"}
{"level":"info","message":"机器人 02e18251bba911e79f02c148c5c17633-002-4-游客019-206842 加入金币： 1000000","timestamp":"2017-10-28T06:27:03.109Z"}
{"level":"info","message":"机器人 02e18250bba911e79f02c148c5c17633-001-2-游客495-298406 加入金币： 50000","timestamp":"2017-10-28T06:27:03.109Z"}
{"level":"info","message":"isRobot: true, isIncrement: true, num: 1, robotNumInRoom: 1 === roomCode: 003","timestamp":"2017-10-28T06:27:03.119Z"}
{"level":"info","message":"机器人 02e18255bba911e79f02c148c5c17633-006-4-游客649-239541 加入金币： 1000000","timestamp":"2017-10-28T06:27:03.119Z"}
{"level":"info","message":"isRobot: true, isIncrement: true, num: 1, robotNumInRoom: 1 === roomCode: 004","timestamp":"2017-10-28T06:27:03.119Z"}
{"level":"info","message":"机器人 02e18252bba911e79f02c148c5c17633-003-1-游客111-221022 成功进入房间： 003","timestamp":"2017-10-28T06:27:03.119Z"}
{"level":"info","message":"机器人 02e18253bba911e79f02c148c5c17633-004-1-游客934-238058 成功进入房间： 004","timestamp":"2017-10-28T06:27:03.119Z"}
{"level":"info","message":"机器人 02e18254bba911e79f02c148c5c17633-005-3-游客703-274266 加入金币： 100000","timestamp":"2017-10-28T06:27:03.129Z"}
{"level":"info","message":"isRobot: true, isIncrement: true, num: 1, robotNumInRoom: 1 === roomCode: 006","timestamp":"2017-10-28T06:27:03.129Z"}
{"level":"info","message":"isRobot: true, isIncrement: true, num: 1, robotNumInRoom: 1 === roomCode: 002","timestamp":"2017-10-28T06:27:03.129Z"}
{"level":"info","message":"机器人 02e18255bba911e79f02c148c5c17633-006-4-游客649-239541 成功进入房间： 006","timestamp":"2017-10-28T06:27:03.129Z"}
{"level":"info","message":"isRobot: true, isIncrement: true, num: 1, robotNumInRoom: 1 === roomCode: 001","timestamp":"2017-10-28T06:27:03.139Z"}
{"level":"info","message":"机器人 02e18252bba911e79f02c148c5c17633-003-1-游客111-221022 totalWin: 4000 剩余金币：7750 到目前为止总利润: -2250","timestamp":"2017-10-28T06:27:03.139Z"}
{"level":"info","message":"机器人 02e18251bba911e79f02c148c5c17633-002-4-游客019-206842 成功进入房间： 002","timestamp":"2017-10-28T06:27:03.139Z"}
{"level":"info","message":"机器人 02e18250bba911e79f02c148c5c17633-001-2-游客495-298406 成功进入房间： 001","timestamp":"2017-10-28T06:27:03.139Z"}
{"level":"info","message":"机器人 02e18253bba911e79f02c148c5c17633-004-1-游客934-238058 totalWin: 0 剩余金币：3750 到目前为止总利润: -6250","timestamp":"2017-10-28T06:27:03.139Z"}
{"level":"info","message":"机器人 02e18255bba911e79f02c148c5c17633-006-4-游客649-239541 totalWin: 0 剩余金币：750000 到目前为止总利润: -250000","timestamp":"2017-10-28T06:27:03.139Z"}
{"level":"info","message":"isRobot: true, isIncrement: true, num: 1, robotNumInRoom: 1 === roomCode: 005","timestamp":"2017-10-28T06:27:03.149Z"}
{"level":"info","message":"机器人 02e18254bba911e79f02c148c5c17633-005-3-游客703-274266 成功进入房间： 005","timestamp":"2017-10-28T06:27:03.149Z"}
{"level":"info","message":"机器人 02e18251bba911e79f02c148c5c17633-002-4-游客019-206842 totalWin: 40000 剩余金币：790000 到目前为止总利润: -210000","timestamp":"2017-10-28T06:27:03.149Z"}
{"level":"info","message":"机器人 02e18250bba911e79f02c148c5c17633-001-2-游客495-298406 totalWin: 24000 剩余金币：49000 到目前为止总利润: -1000","timestamp":"2017-10-28T06:27:03.149Z"}
{"level":"info","message":"机器人 02e18254bba911e79f02c148c5c17633-005-3-游客703-274266 totalWin: 20000 剩余金币：95000 到目前为止总利润: -5000","timestamp":"2017-10-28T06:27:03.159Z"}
{"level":"info","message":"机器人【caf24620bd5311e7bc6bcde69ef88bc4-001-3】号 => 开始工作","timestamp":"2017-10-30T09:22:04.290Z"}
{"level":"info","message":"机器人【d31edd40bd5311e7bcb375663d508314-001-4】号 => 开始工作","timestamp":"2017-10-30T09:22:18.004Z"}
{"level":"info","message":"机器人【e5d1da00bd5311e7814c4f0a9aeb8ff9-001-1】号 => 开始工作","timestamp":"2017-10-30T09:22:49.376Z"}
{"level":"info","message":"机器人【f12c5880bd5311e793ae15df3b3cffd9-001-2】号 => 开始工作","timestamp":"2017-10-30T09:23:08.424Z"}
{"level":"info","message":"机器人【03b474b0bd5411e7ae4b0b4f99a137d8-001-1】号 => 开始工作","timestamp":"2017-10-30T09:23:39.515Z"}
{"level":"info","message":"机器人 03b474b0bd5411e7ae4b0b4f99a137d8-001-1-游客811-268839 加入金币： 10000","timestamp":"2017-10-30T09:23:39.936Z"}
{"level":"info","message":"机器人 03b474b0bd5411e7ae4b0b4f99a137d8-001-1-游客811-268839 成功进入房间： 001","timestamp":"2017-10-30T09:23:39.967Z"}
{"level":"error","message":"机器人【03b474b0bd5411e7ae4b0b4f99a137d8-001-1-游客811-268839】行动失败 , 原因: ReferenceError: memory is not defined","timestamp":"2017-10-30T09:23:39.967Z"}
{"level":"info","message":"机器人【03b474b0bd5411e7ae4b0b4f99a137d8-001-1-游客811-268839】stop ","timestamp":"2017-10-30T09:23:39.983Z"}
{"level":"error","message":"机器人【03b474b0bd5411e7ae4b0b4f99a137d8-001-1-游客811-268839】 socket close , 原因: 1000 ","timestamp":"2017-10-30T09:23:39.999Z"}
{"level":"info","message":"机器人【1a4a50f0bd5411e78c4c717179bc742a-001-3】号 => 开始工作","timestamp":"2017-10-30T09:24:17.407Z"}
{"level":"info","message":"机器人 1a4a50f0bd5411e78c4c717179bc742a-001-3-游客405-242493 加入金币： 100000","timestamp":"2017-10-30T09:24:17.594Z"}
{"level":"info","message":"机器人 1a4a50f0bd5411e78c4c717179bc742a-001-3-游客405-242493 成功进入房间： 001","timestamp":"2017-10-30T09:24:17.641Z"}
{"level":"error","message":"机器人【1a4a50f0bd5411e78c4c717179bc742a-001-3-游客405-242493】行动失败 , 原因: ReferenceError: memory is not defined","timestamp":"2017-10-30T09:24:17.641Z"}
{"level":"info","message":"机器人【1a4a50f0bd5411e78c4c717179bc742a-001-3-游客405-242493】stop ","timestamp":"2017-10-30T09:24:17.657Z"}
{"level":"error","message":"机器人【1a4a50f0bd5411e78c4c717179bc742a-001-3-游客405-242493】 socket close , 原因: 1000 ","timestamp":"2017-10-30T09:24:17.657Z"}
{"level":"info","message":"机器人【2841c170bd5411e78d5c59bcc5f5141a-001-3】号 => 开始工作","timestamp":"2017-10-30T09:24:40.839Z"}
{"level":"info","message":"机器人 2841c170bd5411e78d5c59bcc5f5141a-001-3-游客879-241688 加入金币： 100000","timestamp":"2017-10-30T09:24:41.042Z"}
{"level":"info","message":"机器人 2841c170bd5411e78d5c59bcc5f5141a-001-3-游客879-241688 成功进入房间： 001","timestamp":"2017-10-30T09:24:41.073Z"}
{"level":"error","message":"机器人【2841c170bd5411e78d5c59bcc5f5141a-001-3-游客879-241688】行动失败 , 原因: ReferenceError: memory is not defined","timestamp":"2017-10-30T09:24:41.073Z"}
{"level":"info","message":"机器人【2841c170bd5411e78d5c59bcc5f5141a-001-3-游客879-241688】stop ","timestamp":"2017-10-30T09:24:41.089Z"}
{"level":"error","message":"机器人【2841c170bd5411e78d5c59bcc5f5141a-001-3-游客879-241688】 socket close , 原因: 1000 ","timestamp":"2017-10-30T09:24:41.089Z"}
{"level":"info","message":"机器人【2f4bd190bd5411e7ad29b159b7ea9a0b-001-1】号 => 开始工作","timestamp":"2017-10-30T09:24:52.649Z"}
{"level":"info","message":"机器人 2f4bd190bd5411e7ad29b159b7ea9a0b-001-1-游客696-272816 加入金币： 10000","timestamp":"2017-10-30T09:24:52.789Z"}
{"level":"info","message":"机器人 2f4bd190bd5411e7ad29b159b7ea9a0b-001-1-游客696-272816 成功进入房间： 001","timestamp":"2017-10-30T09:24:52.805Z"}
{"level":"error","message":"机器人【2f4bd190bd5411e7ad29b159b7ea9a0b-001-1-游客696-272816】行动失败 , 原因: ReferenceError: memory is not defined","timestamp":"2017-10-30T09:24:52.805Z"}
{"level":"info","message":"机器人【2f4bd190bd5411e7ad29b159b7ea9a0b-001-1-游客696-272816】stop ","timestamp":"2017-10-30T09:24:52.820Z"}
{"level":"error","message":"机器人【2f4bd190bd5411e7ad29b159b7ea9a0b-001-1-游客696-272816】 socket close , 原因: 1000 ","timestamp":"2017-10-30T09:24:52.820Z"}
{"level":"info","message":"机器人【724b00b0bd5411e79ca537d4848413d5-001-2】号 => 开始工作","timestamp":"2017-10-30T09:26:45.051Z"}
{"level":"info","message":"机器人 724b00b0bd5411e79ca537d4848413d5-001-2-游客421-277634 加入金币： 50000","timestamp":"2017-10-30T09:26:45.176Z"}
{"level":"info","message":"机器人 724b00b0bd5411e79ca537d4848413d5-001-2-游客421-277634 成功进入房间： 001","timestamp":"2017-10-30T09:26:45.191Z"}
{"level":"info","message":"机器人【9a403090bd5411e7ac0c2d010944f9ab-001-1】号 => 开始工作","timestamp":"2017-10-30T09:27:52.089Z"}
{"level":"info","message":"机器人 9a403090bd5411e7ac0c2d010944f9ab-001-1-游客128-247990 加入金币： 10000","timestamp":"2017-10-30T09:27:52.214Z"}
{"level":"info","message":"机器人 9a403090bd5411e7ac0c2d010944f9ab-001-1-游客128-247990 成功进入房间： 001","timestamp":"2017-10-30T09:27:52.229Z"}
{"level":"info","message":"机器人【b26622b0bd5411e78e63ff3b15f98fff-001-4】号 => 开始工作","timestamp":"2017-10-30T09:28:32.603Z"}
{"level":"info","message":"机器人 b26622b0bd5411e78e63ff3b15f98fff-001-4-游客146-203385 加入金币： 1000000","timestamp":"2017-10-30T09:28:32.775Z"}
{"level":"info","message":"机器人 b26622b0bd5411e78e63ff3b15f98fff-001-4-游客146-203385 成功进入房间： 001","timestamp":"2017-10-30T09:28:32.791Z"}
{"level":"info","message":"机器人 b26622b0bd5411e78e63ff3b15f98fff-001-4-游客146-203385 totalWin: 0 剩余金币：750000 到目前为止总利润: -250000","timestamp":"2017-10-30T09:28:32.915Z"}
{"level":"info","message":"机器人【b671bfe0bd5411e79fa7737a65fe53bd-001-3】号 => 开始工作","timestamp":"2017-10-30T09:28:39.390Z"}
{"level":"info","message":"机器人 b671bfe0bd5411e79fa7737a65fe53bd-001-3-游客165-267446 加入金币： 100000","timestamp":"2017-10-30T09:28:39.499Z"}
{"level":"info","message":"机器人 b671bfe0bd5411e79fa7737a65fe53bd-001-3-游客165-267446 成功进入房间： 001","timestamp":"2017-10-30T09:28:39.515Z"}
{"level":"info","message":"机器人 b671bfe0bd5411e79fa7737a65fe53bd-001-3-游客165-267446 totalWin: 0 剩余金币：75000 到目前为止总利润: -25000","timestamp":"2017-10-30T09:28:39.561Z"}
{"level":"info","message":"机器人 b671bfe0bd5411e79fa7737a65fe53bd-001-3-游客165-267446 totalWin: 8000 剩余金币：58000 到目前为止总利润: -42000","timestamp":"2017-10-30T09:28:49.645Z"}
{"level":"info","message":"机器人 b671bfe0bd5411e79fa7737a65fe53bd-001-3-游客165-267446 totalWin: 0 剩余金币：33000 到目前为止总利润: -67000","timestamp":"2017-10-30T09:29:04.761Z"}
{"level":"info","message":"机器人【f6bbe120bd5411e7b2810bf15d19aa22-001-1】号 => 开始工作","timestamp":"2017-10-30T09:30:27.266Z"}
{"level":"info","message":"机器人 f6bbe120bd5411e7b2810bf15d19aa22-001-1-游客469-200539 加入金币： 10000","timestamp":"2017-10-30T09:30:27.422Z"}
{"level":"info","message":"机器人 f6bbe120bd5411e7b2810bf15d19aa22-001-1-游客469-200539 成功进入房间： 001","timestamp":"2017-10-30T09:30:27.422Z"}
{"level":"info","message":"机器人 f6bbe120bd5411e7b2810bf15d19aa22-001-1-游客469-200539 totalWin: 0 剩余金币：3750 到目前为止总利润: -6250","timestamp":"2017-10-30T09:30:27.453Z"}
{"level":"info","message":"机器人【01985600bd5511e79a8d35bce738bd0f-001-4】号 => 开始工作","timestamp":"2017-10-30T09:30:45.472Z"}
{"level":"info","message":"机器人 01985600bd5511e79a8d35bce738bd0f-001-4-游客801-294737 加入金币： 1000000","timestamp":"2017-10-30T09:30:45.612Z"}
{"level":"info","message":"机器人 01985600bd5511e79a8d35bce738bd0f-001-4-游客801-294737 成功进入房间： 001","timestamp":"2017-10-30T09:30:45.628Z"}
{"level":"info","message":"机器人 01985600bd5511e79a8d35bce738bd0f-001-4-游客801-294737 totalWin: 120000 剩余金币：870000 到目前为止总利润: -130000","timestamp":"2017-10-30T09:30:45.675Z"}
{"level":"info","message":"机器人【27efbef0bd5611e7bb5a79c99ee46119-001-5】号 => 开始工作","timestamp":"2017-10-30T09:38:59.295Z"}
{"level":"info","message":"机器人 27efbef0bd5611e7bb5a79c99ee46119-001-5-游客187-293455 加入金币： 2000000","timestamp":"2017-10-30T09:38:59.466Z"}
{"level":"info","message":"机器人 27efbef0bd5611e7bb5a79c99ee46119-001-5-游客187-293455 成功进入房间： 001","timestamp":"2017-10-30T09:38:59.482Z"}
{"level":"info","message":"机器人 27efbef0bd5611e7bb5a79c99ee46119-001-5-游客187-293455 totalWin: 12000000 剩余金币：13750000 到目前为止总利润: 11750000","timestamp":"2017-10-30T09:38:59.497Z"}
{"level":"info","message":"机器人 27efbef0bd5611e7bb5a79c99ee46119-001-5-游客187-293455 totalWin: 0 剩余金币：13500000 到目前为止总利润: 11500000","timestamp":"2017-10-30T09:39:14.568Z"}
{"level":"info","message":"机器人 27efbef0bd5611e7bb5a79c99ee46119-001-5-游客187-293455 totalWin: 160000 剩余金币：13410000 到目前为止总利润: 11410000","timestamp":"2017-10-30T09:39:24.646Z"}
{"level":"info","message":"机器人【ef03e1e0be1111e79fa9f1864a1f9977-001-5】号 => 开始工作","timestamp":"2017-10-31T08:03:09.182Z"}
{"level":"info","message":"机器人 ef03e1e0be1111e79fa9f1864a1f9977-001-5-游客849-299634 加入金币： 2000000","timestamp":"2017-10-31T08:03:09.603Z"}
{"level":"info","message":"机器人 ef03e1e0be1111e79fa9f1864a1f9977-001-5-游客849-299634 成功进入房间： 001","timestamp":"2017-10-31T08:03:09.603Z"}
{"level":"info","message":"机器人 ef03e1e0be1111e79fa9f1864a1f9977-001-5-游客849-299634 玩一把 1509436989603","timestamp":"2017-10-31T08:03:09.603Z"}
{"level":"info","message":"机器人 ef03e1e0be1111e79fa9f1864a1f9977-001-5-游客849-299634 totalWin: 0 剩余金币：1993750 到目前为止总利润: NaN","timestamp":"2017-10-31T08:03:09.619Z"}
{"level":"info","message":"机器人【05734a60be1211e7aea3f5b0a0f2af60-001-4】号 => 开始工作","timestamp":"2017-10-31T08:03:46.822Z"}
{"level":"info","message":"机器人 05734a60be1211e7aea3f5b0a0f2af60-001-4-游客561-296267 加入金币： 1000000","timestamp":"2017-10-31T08:03:47.305Z"}
{"level":"info","message":"机器人 05734a60be1211e7aea3f5b0a0f2af60-001-4-游客561-296267 成功进入房间： 001","timestamp":"2017-10-31T08:03:47.305Z"}
{"level":"info","message":"机器人 05734a60be1211e7aea3f5b0a0f2af60-001-4-游客561-296267 玩一把 1509437027305","timestamp":"2017-10-31T08:03:47.305Z"}
{"level":"info","message":"机器人 05734a60be1211e7aea3f5b0a0f2af60-001-4-游客561-296267 totalWin: 35750 剩余金币：1029500 到目前为止总利润: NaN","timestamp":"2017-10-31T08:03:47.321Z"}
{"level":"info","message":"机器人 05734a60be1211e7aea3f5b0a0f2af60-001-4-游客561-296267 玩一把 1509437045351","timestamp":"2017-10-31T08:04:05.351Z"}
{"level":"info","message":"机器人 05734a60be1211e7aea3f5b0a0f2af60-001-4-游客561-296267 totalWin: 7500 剩余金币：1030750 到目前为止总利润: NaN","timestamp":"2017-10-31T08:04:05.351Z"}
{"level":"info","message":"机器人【17106a50be1211e790f955322a487860-001-2】号 => 开始工作","timestamp":"2017-10-31T08:04:16.373Z"}
{"level":"info","message":"机器人 17106a50be1211e790f955322a487860-001-2-游客309-275257 加入金币： 50000","timestamp":"2017-10-31T08:04:16.841Z"}
{"level":"info","message":"机器人 17106a50be1211e790f955322a487860-001-2-游客309-275257 成功进入房间： 001","timestamp":"2017-10-31T08:04:16.856Z"}
{"level":"info","message":"机器人 17106a50be1211e790f955322a487860-001-2-游客309-275257 玩一把 1509437056856","timestamp":"2017-10-31T08:04:16.856Z"}
{"level":"info","message":"机器人 17106a50be1211e790f955322a487860-001-2-游客309-275257 totalWin: 2500 剩余金币：46250 到目前为止总利润: NaN","timestamp":"2017-10-31T08:04:16.856Z"}
{"level":"info","message":"机器人【2ec5c050be1211e78db8cbbe1f3c2916-001-3】号 => 开始工作","timestamp":"2017-10-31T08:04:56.149Z"}
{"level":"info","message":"机器人 2ec5c050be1211e78db8cbbe1f3c2916-001-3-游客284-284558 加入金币： 100000","timestamp":"2017-10-31T08:04:56.602Z"}
{"level":"info","message":"机器人 2ec5c050be1211e78db8cbbe1f3c2916-001-3-游客284-284558 成功进入房间： 001","timestamp":"2017-10-31T08:04:56.617Z"}
{"level":"info","message":"机器人 2ec5c050be1211e78db8cbbe1f3c2916-001-3-游客284-284558 玩一把汉堡 1509437096617","timestamp":"2017-10-31T08:04:56.617Z"}
{"level":"info","message":"机器人 2ec5c050be1211e78db8cbbe1f3c2916-001-3-游客284-284558 totalWin: 26000 剩余金币：101000 到目前为止总利润: NaN","timestamp":"2017-10-31T08:04:56.664Z"}
{"level":"info","message":"机器人 2ec5c050be1211e78db8cbbe1f3c2916-001-3-游客284-284558 玩一把汉堡 1509437112772","timestamp":"2017-10-31T08:05:12.772Z"}
{"level":"info","message":"机器人 2ec5c050be1211e78db8cbbe1f3c2916-001-3-游客284-284558 totalWin: 8000 剩余金币：84000 到目前为止总利润: NaN","timestamp":"2017-10-31T08:05:12.787Z"}
{"level":"info","message":"机器人【720330f0be1211e79e0ee1b44ed13ad8-001-4】号 => 开始工作","timestamp":"2017-10-31T08:06:48.959Z"}
{"level":"info","message":"机器人 720330f0be1211e79e0ee1b44ed13ad8-001-4-游客977-225817 加入金币： 1000000","timestamp":"2017-10-31T08:06:49.536Z"}
{"level":"info","message":"机器人 720330f0be1211e79e0ee1b44ed13ad8-001-4-游客977-225817 成功进入房间： 001","timestamp":"2017-10-31T08:06:49.536Z"}
{"level":"info","message":"机器人 720330f0be1211e79e0ee1b44ed13ad8-001-4-游客977-225817 玩一把汉堡 1509437209536","timestamp":"2017-10-31T08:06:49.536Z"}
{"level":"info","message":"机器人 720330f0be1211e79e0ee1b44ed13ad8-001-4-游客977-225817 totalWin: 0 剩余金币：750000 到目前为止总利润: NaN","timestamp":"2017-10-31T08:06:49.536Z"}
{"level":"info","message":"机器人【89cd4770be1211e78f9c9fd8d536b6b2-001-1】号 => 开始工作","timestamp":"2017-10-31T08:07:28.871Z"}
{"level":"info","message":"机器人 89cd4770be1211e78f9c9fd8d536b6b2-001-1-游客378-223976 加入金币： 10000","timestamp":"2017-10-31T08:07:29.370Z"}
{"level":"info","message":"机器人 89cd4770be1211e78f9c9fd8d536b6b2-001-1-游客378-223976 成功进入房间： 001","timestamp":"2017-10-31T08:07:29.370Z"}
{"level":"info","message":"机器人 89cd4770be1211e78f9c9fd8d536b6b2-001-1-游客378-223976 玩一把汉堡 1509437249370","timestamp":"2017-10-31T08:07:29.370Z"}
{"level":"info","message":"机器人 89cd4770be1211e78f9c9fd8d536b6b2-001-1-游客378-223976 totalWin: 0 剩余金币：3750 到目前为止总利润: NaN","timestamp":"2017-10-31T08:07:29.370Z"}
{"level":"info","message":"机器人【c76a2630be1611e786b2d324ce609ebe-001-5】号 => 开始工作","timestamp":"2017-10-31T08:37:50.227Z"}
{"level":"error","message":"机器人【c76a2630be1611e786b2d324ce609ebe-001-5-游客147-230375】行动失败 , 原因: 网络接口错误: enterGame, {\"code\":500,\"error\":\"参数有误 enterGame\"}","timestamp":"2017-10-31T08:37:50.320Z"}
{"level":"error","message":"机器人【c76a2630be1611e786b2d324ce609ebe-001-5-游客147-230375】stop 退出房间失败 , 原因: 网络接口错误: leaveRoom2Game, {\"code\":500,\"error\":\"游戏未找到 hall.gameHandler.leaveRoom\"}","timestamp":"2017-10-31T08:37:50.320Z"}
{"level":"info","message":"机器人【c76a2630be1611e786b2d324ce609ebe-001-5-游客147-230375】stop ","timestamp":"2017-10-31T08:37:50.320Z"}
{"level":"info","message":"机器人【e22dcda0be1611e78a3c7f56a75ea035-001-3】号 => 开始工作","timestamp":"2017-10-31T08:38:35.130Z"}
{"level":"info","message":"机器人【e2670610be1611e792ff07c5bffe1402-001-4】号 => 开始工作","timestamp":"2017-10-31T08:38:35.505Z"}
{"level":"error","message":"机器人【e2670610be1611e792ff07c5bffe1402-001-4-游客501-219149】行动失败 , 原因: 网络接口错误: enterGame, {\"code\":500,\"error\":\"参数有误 enterGame\"}","timestamp":"2017-10-31T08:38:35.598Z"}
{"level":"error","message":"机器人【e2670610be1611e792ff07c5bffe1402-001-4-游客501-219149】stop 退出房间失败 , 原因: 网络接口错误: leaveRoom2Game, {\"code\":500,\"error\":\"游戏未找到 hall.gameHandler.leaveRoom\"}","timestamp":"2017-10-31T08:38:35.598Z"}
{"level":"info","message":"机器人【e2670610be1611e792ff07c5bffe1402-001-4-游客501-219149】stop ","timestamp":"2017-10-31T08:38:35.598Z"}
{"level":"info","message":"机器人【efc3bd30be1611e79371714ae5169684-001-4】号 => 开始工作","timestamp":"2017-10-31T08:38:57.923Z"}
{"level":"error","message":"机器人【efc3bd30be1611e79371714ae5169684-001-4-游客839-211200】行动失败 , 原因: 网络接口错误: enterGame, {\"code\":500,\"error\":\"参数有误 enterGame\"}","timestamp":"2017-10-31T08:38:58.017Z"}
{"level":"error","message":"机器人【efc3bd30be1611e79371714ae5169684-001-4-游客839-211200】stop 退出房间失败 , 原因: 网络接口错误: leaveRoom2Game, {\"code\":500,\"error\":\"游戏未找到 hall.gameHandler.leaveRoom\"}","timestamp":"2017-10-31T08:38:58.017Z"}
{"level":"info","message":"机器人【efc3bd30be1611e79371714ae5169684-001-4-游客839-211200】stop ","timestamp":"2017-10-31T08:38:58.017Z"}
{"level":"info","message":"机器人【258778d0be1711e7b52ad5342a929d89-001-5】号 => 开始工作","timestamp":"2017-10-31T08:40:28.141Z"}
{"level":"error","message":"机器人【258778d0be1711e7b52ad5342a929d89-001-5-游客757-294479】行动失败 , 原因: 网络接口错误: enterGame, {\"code\":500,\"error\":\"参数有误 enterGame\"}","timestamp":"2017-10-31T08:40:28.250Z"}
{"level":"error","message":"机器人【258778d0be1711e7b52ad5342a929d89-001-5-游客757-294479】stop 退出房间失败 , 原因: 网络接口错误: leaveRoom2Game, {\"code\":500,\"error\":\"游戏未找到 hall.gameHandler.leaveRoom\"}","timestamp":"2017-10-31T08:40:28.266Z"}
{"level":"info","message":"机器人【258778d0be1711e7b52ad5342a929d89-001-5-游客757-294479】stop ","timestamp":"2017-10-31T08:40:28.266Z"}
{"level":"info","message":"机器人【583bd190be1711e798f5398d7ab2bafd-001-1】号 => 开始工作","timestamp":"2017-10-31T08:41:53.193Z"}
{"level":"info","message":"机器人 583bd190be1711e798f5398d7ab2bafd-001-1-游客325-295622 加入金币： 10000","timestamp":"2017-10-31T08:41:53.333Z"}
{"level":"info","message":"机器人 583bd190be1711e798f5398d7ab2bafd-001-1-游客325-295622 成功进入房间： 001","timestamp":"2017-10-31T08:41:53.333Z"}
{"level":"info","message":"机器人 583bd190be1711e798f5398d7ab2bafd-001-1-游客325-295622 玩一把汉堡 1509439313333","timestamp":"2017-10-31T08:41:53.333Z"}
{"level":"info","message":"机器人 583bd190be1711e798f5398d7ab2bafd-001-1-游客325-295622 totalWin: 13500 剩余金币：17250 到目前为止总利润: 7250","timestamp":"2017-10-31T08:41:53.333Z"}
