{"level":"error","message":"机器人【630632f0bb8311e7bce6ad617b950918-001-3-游客587-277607】行动失败 , 原因: TypeError: Cannot read property 'apply' of undefined","timestamp":"2017-10-28T01:57:43.595Z"}
{"level":"error","message":"机器人【630632f0bb8311e7bce6ad617b950918-001-3-游客587-277607】 socket close , 原因: 1000 ","timestamp":"2017-10-28T01:57:43.605Z"}
{"level":"error","message":"机器人【ddc6fba0bba611e7aae897f06ee3706c-001-2-游客332-271107】行动失败 , 原因: 网络接口错误: enterGame, {\"code\":500,\"error\":\"玩家已在游戏中\"}","timestamp":"2017-10-28T06:11:41.876Z"}
{"level":"error","message":"机器人【ddc6fba0bba611e7aae897f06ee3706c-001-2-游客332-271107】stop 退出房间失败 , 原因: 网络接口错误: leaveRoom2Game, {\"code\":500,\"error\":\"游戏房间未找到 hall.gameHandler.leaveRoom\"}","timestamp":"2017-10-28T06:11:41.886Z"}
{"level":"error","message":"机器人【e7a5d6a0bba611e79df1fb95fad50268-001-2-游客505-278757】行动失败 , 原因: ReferenceError: roomCode is not defined","timestamp":"2017-10-28T06:11:58.466Z"}
{"level":"error","message":"机器人【e7a5d6a0bba611e79df1fb95fad50268-001-2-游客505-278757】 socket close , 原因: 1000 ","timestamp":"2017-10-28T06:11:58.466Z"}
{"level":"error","message":"机器人【210e3040bba711e797a7f76aa8072b06-001-3-游客251-207787】行动失败 , 原因: ReferenceError: roomCode is not defined","timestamp":"2017-10-28T06:13:34.770Z"}
{"level":"error","message":"机器人【210e3040bba711e797a7f76aa8072b06-001-3-游客251-207787】 socket close , 原因: 1000 ","timestamp":"2017-10-28T06:13:34.770Z"}
{"level":"error","message":"机器人【2617b570bba711e7b0ce052cca370121-001-5-游客148-269463】行动失败 , 原因: ReferenceError: roomCode is not defined","timestamp":"2017-10-28T06:13:43.211Z"}
{"level":"error","message":"机器人【2617b570bba711e7b0ce052cca370121-001-5-游客148-269463】 socket close , 原因: 1000 ","timestamp":"2017-10-28T06:13:43.211Z"}
{"level":"error","message":"机器人【03b474b0bd5411e7ae4b0b4f99a137d8-001-1-游客811-268839】行动失败 , 原因: ReferenceError: memory is not defined","timestamp":"2017-10-30T09:23:39.967Z"}
{"level":"error","message":"机器人【03b474b0bd5411e7ae4b0b4f99a137d8-001-1-游客811-268839】 socket close , 原因: 1000 ","timestamp":"2017-10-30T09:23:39.999Z"}
{"level":"error","message":"机器人【1a4a50f0bd5411e78c4c717179bc742a-001-3-游客405-242493】行动失败 , 原因: ReferenceError: memory is not defined","timestamp":"2017-10-30T09:24:17.641Z"}
{"level":"error","message":"机器人【1a4a50f0bd5411e78c4c717179bc742a-001-3-游客405-242493】 socket close , 原因: 1000 ","timestamp":"2017-10-30T09:24:17.657Z"}
{"level":"error","message":"机器人【2841c170bd5411e78d5c59bcc5f5141a-001-3-游客879-241688】行动失败 , 原因: ReferenceError: memory is not defined","timestamp":"2017-10-30T09:24:41.073Z"}
{"level":"error","message":"机器人【2841c170bd5411e78d5c59bcc5f5141a-001-3-游客879-241688】 socket close , 原因: 1000 ","timestamp":"2017-10-30T09:24:41.089Z"}
{"level":"error","message":"机器人【2f4bd190bd5411e7ad29b159b7ea9a0b-001-1-游客696-272816】行动失败 , 原因: ReferenceError: memory is not defined","timestamp":"2017-10-30T09:24:52.805Z"}
{"level":"error","message":"机器人【2f4bd190bd5411e7ad29b159b7ea9a0b-001-1-游客696-272816】 socket close , 原因: 1000 ","timestamp":"2017-10-30T09:24:52.820Z"}
{"level":"error","message":"机器人【c76a2630be1611e786b2d324ce609ebe-001-5-游客147-230375】行动失败 , 原因: 网络接口错误: enterGame, {\"code\":500,\"error\":\"参数有误 enterGame\"}","timestamp":"2017-10-31T08:37:50.320Z"}
{"level":"error","message":"机器人【c76a2630be1611e786b2d324ce609ebe-001-5-游客147-230375】stop 退出房间失败 , 原因: 网络接口错误: leaveRoom2Game, {\"code\":500,\"error\":\"游戏未找到 hall.gameHandler.leaveRoom\"}","timestamp":"2017-10-31T08:37:50.320Z"}
{"level":"error","message":"机器人【e2670610be1611e792ff07c5bffe1402-001-4-游客501-219149】行动失败 , 原因: 网络接口错误: enterGame, {\"code\":500,\"error\":\"参数有误 enterGame\"}","timestamp":"2017-10-31T08:38:35.598Z"}
{"level":"error","message":"机器人【e2670610be1611e792ff07c5bffe1402-001-4-游客501-219149】stop 退出房间失败 , 原因: 网络接口错误: leaveRoom2Game, {\"code\":500,\"error\":\"游戏未找到 hall.gameHandler.leaveRoom\"}","timestamp":"2017-10-31T08:38:35.598Z"}
{"level":"error","message":"机器人【efc3bd30be1611e79371714ae5169684-001-4-游客839-211200】行动失败 , 原因: 网络接口错误: enterGame, {\"code\":500,\"error\":\"参数有误 enterGame\"}","timestamp":"2017-10-31T08:38:58.017Z"}
{"level":"error","message":"机器人【efc3bd30be1611e79371714ae5169684-001-4-游客839-211200】stop 退出房间失败 , 原因: 网络接口错误: leaveRoom2Game, {\"code\":500,\"error\":\"游戏未找到 hall.gameHandler.leaveRoom\"}","timestamp":"2017-10-31T08:38:58.017Z"}
{"level":"error","message":"机器人【258778d0be1711e7b52ad5342a929d89-001-5-游客757-294479】行动失败 , 原因: 网络接口错误: enterGame, {\"code\":500,\"error\":\"参数有误 enterGame\"}","timestamp":"2017-10-31T08:40:28.250Z"}
{"level":"error","message":"机器人【258778d0be1711e7b52ad5342a929d89-001-5-游客757-294479】stop 退出房间失败 , 原因: 网络接口错误: leaveRoom2Game, {\"code\":500,\"error\":\"游戏未找到 hall.gameHandler.leaveRoom\"}","timestamp":"2017-10-31T08:40:28.266Z"}
