{"level":"error","message":"机器人【2b81b714b21811e78b98e182d6e9ada5-001】行动失败 , 原因: 网络接口错误: enterRoom, {\"code\":500,\"errro\":\"该机器无法容纳更多玩家\"}","timestamp":"2017-10-16T02:17:34.277Z"}
{"level":"error","message":"机器人【2b81b713b21811e78b98e182d6e9ada5-001】行动失败 , 原因: 网络接口错误: enterRoom, {\"code\":500,\"errro\":\"该机器无法容纳更多玩家\"}","timestamp":"2017-10-16T02:17:34.287Z"}
{"level":"error","message":"机器人【2b81b717b21811e78b98e182d6e9ada5-001】行动失败 , 原因: 网络接口错误: enterRoom, {\"code\":500,\"errro\":\"该机器无法容纳更多玩家\"}","timestamp":"2017-10-16T02:17:34.287Z"}
{"level":"error","message":"机器人【2b81b712b21811e78b98e182d6e9ada5-001】行动失败 , 原因: 网络接口错误: enterRoom, {\"code\":500,\"errro\":\"该机器无法容纳更多玩家\"}","timestamp":"2017-10-16T02:17:34.287Z"}
{"level":"error","message":"机器人【2b81b716b21811e78b98e182d6e9ada5-001】行动失败 , 原因: 网络接口错误: enterRoom, {\"code\":500,\"errro\":\"该机器无法容纳更多玩家\"}","timestamp":"2017-10-16T02:17:34.297Z"}
{"level":"error","message":"机器人【2b81b714b21811e78b98e182d6e9ada5-001】stop 退出房间失败 , 原因: 网络接口错误: leaveRoom2Game, {\"code\":500,\"error\":\"游戏房间未找到 hall.gameHandler.leaveRoom\"}","timestamp":"2017-10-16T02:17:34.317Z"}
{"level":"error","message":"机器人【2b81b713b21811e78b98e182d6e9ada5-001】stop 退出房间失败 , 原因: 网络接口错误: leaveRoom2Game, {\"code\":500,\"error\":\"游戏房间未找到 hall.gameHandler.leaveRoom\"}","timestamp":"2017-10-16T02:17:34.317Z"}
{"level":"error","message":"机器人【2b81b717b21811e78b98e182d6e9ada5-001】stop 退出房间失败 , 原因: 网络接口错误: leaveRoom2Game, {\"code\":500,\"error\":\"游戏房间未找到 hall.gameHandler.leaveRoom\"}","timestamp":"2017-10-16T02:17:34.317Z"}
{"level":"error","message":"机器人【2b81b712b21811e78b98e182d6e9ada5-001】stop 退出房间失败 , 原因: 网络接口错误: leaveRoom2Game, {\"code\":500,\"error\":\"游戏房间未找到 hall.gameHandler.leaveRoom\"}","timestamp":"2017-10-16T02:17:34.317Z"}
{"level":"error","message":"机器人【2b81b716b21811e78b98e182d6e9ada5-001】stop 退出房间失败 , 原因: 网络接口错误: leaveRoom2Game, {\"code\":500,\"error\":\"游戏房间未找到 hall.gameHandler.leaveRoom\"}","timestamp":"2017-10-16T02:17:34.317Z"}
{"level":"error","message":"机器人【65583bd1b21811e780ef1dc19133aa85-001】行动失败 , 原因: 网络接口错误: enterRoom, {\"code\":500,\"errro\":\"该机器无法容纳更多玩家\"}","timestamp":"2017-10-16T02:19:11.315Z"}
{"level":"error","message":"机器人【65583bd5b21811e780ef1dc19133aa85-001】行动失败 , 原因: 网络接口错误: enterRoom, {\"code\":500,\"errro\":\"该机器无法容纳更多玩家\"}","timestamp":"2017-10-16T02:19:11.315Z"}
{"level":"error","message":"机器人【65583bd8b21811e780ef1dc19133aa85-001】行动失败 , 原因: 网络接口错误: enterRoom, {\"code\":500,\"errro\":\"该机器无法容纳更多玩家\"}","timestamp":"2017-10-16T02:19:11.325Z"}
{"level":"error","message":"机器人【65583bd7b21811e780ef1dc19133aa85-001】行动失败 , 原因: 网络接口错误: enterRoom, {\"code\":500,\"errro\":\"该机器无法容纳更多玩家\"}","timestamp":"2017-10-16T02:19:11.325Z"}
{"level":"error","message":"机器人【65583bd9b21811e780ef1dc19133aa85-001】行动失败 , 原因: 网络接口错误: enterRoom, {\"code\":500,\"errro\":\"该机器无法容纳更多玩家\"}","timestamp":"2017-10-16T02:19:11.325Z"}
{"level":"error","message":"机器人【65583bd1b21811e780ef1dc19133aa85-001】stop 退出房间失败 , 原因: 网络接口错误: leaveRoom2Game, {\"code\":500,\"error\":\"游戏房间未找到 hall.gameHandler.leaveRoom\"}","timestamp":"2017-10-16T02:19:11.345Z"}
{"level":"error","message":"机器人【65583bd5b21811e780ef1dc19133aa85-001】stop 退出房间失败 , 原因: 网络接口错误: leaveRoom2Game, {\"code\":500,\"error\":\"游戏房间未找到 hall.gameHandler.leaveRoom\"}","timestamp":"2017-10-16T02:19:11.345Z"}
{"level":"error","message":"机器人【65583bd8b21811e780ef1dc19133aa85-001】stop 退出房间失败 , 原因: 网络接口错误: leaveRoom2Game, {\"code\":500,\"error\":\"游戏房间未找到 hall.gameHandler.leaveRoom\"}","timestamp":"2017-10-16T02:19:11.345Z"}
{"level":"error","message":"机器人【65583bd7b21811e780ef1dc19133aa85-001】stop 退出房间失败 , 原因: 网络接口错误: leaveRoom2Game, {\"code\":500,\"error\":\"游戏房间未找到 hall.gameHandler.leaveRoom\"}","timestamp":"2017-10-16T02:19:11.355Z"}
{"level":"error","message":"机器人【65583bd9b21811e780ef1dc19133aa85-001】stop 退出房间失败 , 原因: 网络接口错误: leaveRoom2Game, {\"code\":500,\"error\":\"游戏房间未找到 hall.gameHandler.leaveRoom\"}","timestamp":"2017-10-16T02:19:11.355Z"}
{"level":"error","message":"机器人【40890aa0b24511e7ad109729066aca11-001】行动失败 , 原因: 网络接口错误: applyDealer, {\"code\":500,\"error\":\"不在房间内\"}","timestamp":"2017-10-16T07:40:16.470Z"}
{"level":"error","message":"机器人【40890aa0b24511e7ad109729066aca11-001】stop 退出房间失败 , 原因: 网络接口错误: leaveRoom2Game, {\"code\":500,\"error\":\"游戏房间未找到 hall.gameHandler.leaveRoom\"}","timestamp":"2017-10-16T07:40:16.470Z"}
{"level":"error","message":"机器人【4ca21e30b24511e7a87215bc8a1a2c3d-001】行动失败 , 原因: 网络接口错误: play, {\"code\":500,\"error\":\"当前不能下注\"}","timestamp":"2017-10-16T07:40:36.757Z"}
{"level":"error","message":"机器人【4fb2b990b24511e78ee515ead5b389f0-001】行动失败 , 原因: 网络接口错误: play, {\"code\":500,\"error\":\"当前不能下注\"}","timestamp":"2017-10-16T07:40:41.921Z"}
{"level":"error","message":"机器人【c3e23550b24c11e7bb478faae3b5f05b-001-游客720】行动失败 , 原因: TypeError: this.action.play is not a function","timestamp":"2017-10-16T08:34:03.353Z"}
{"level":"error","message":"机器人【ee1fc190b2db11e7bd976b193f2a421c-001-游客063】行动失败 , 原因: 网络接口错误: addMoney, {\"code\":500}","timestamp":"2017-10-17T01:39:22.210Z"}
{"level":"error","message":"机器人【1e8918e0b2dc11e7a59fc543167fae7a-001-游客084】行动失败 , 原因: 网络接口错误: addMoney, {\"code\":500}","timestamp":"2017-10-17T01:40:43.392Z"}
{"level":"error","message":"机器人【07cb96f0b30911e792cd5356231e7449-003-dummy-游客311】行动失败 , 原因: TypeError: this.getId is not a function","timestamp":"2017-10-17T07:01:42.627Z"}
{"level":"error","message":"机器人【b12be010b3b311e7930419aa22ed7dc3-001-clever-游客474】stop 退出房间失败 , 原因: Error: not opened","timestamp":"2017-10-18T03:30:21.136Z"}
{"level":"error","message":"num 和 oldnum 相等了 ===> 2","timestamp":"2017-10-18T06:13:17.243Z"}
{"level":"error","message":"num 和 oldnum 相等了 ===> 2","timestamp":"2017-10-18T06:15:30.284Z"}
{"level":"error","message":"num 和 oldnum 相等了 ===> 3","timestamp":"2017-10-18T07:42:20.826Z"}
{"level":"error","message":"num 和 oldnum 相等了 ===> 1","timestamp":"2017-10-18T08:04:23.194Z"}
{"level":"error","message":"num 和 oldnum 相等了 ===> 1","timestamp":"2017-10-18T08:05:41.769Z"}
{"level":"error","message":"num 和 oldnum 相等了 ===> 2","timestamp":"2017-10-18T08:07:43.363Z"}
{"level":"error","message":"机器人【33af84c0b3db11e78a3b111b9610b3ef-001-dummy-游客995】stop 退出房间失败 , 原因: Error: not opened","timestamp":"2017-10-18T08:10:10.464Z"}
{"level":"error","message":"num 和 oldnum 相等了 ===> 1","timestamp":"2017-10-18T08:32:13.884Z"}
{"level":"error","message":"num 和 oldnum 相等了 ===> 1","timestamp":"2017-10-18T08:34:46.304Z"}
{"level":"error","message":"机器人【1a952e40b3e011e7904d03e6d532565f-005-clever-游客941】行动失败 , 原因: 网络接口错误: enterRoom, {\"code\":500,\"error\":\"获取游戏信息失败\"}","timestamp":"2017-10-18T08:41:19.953Z"}
{"level":"error","message":"机器人【1a952e40b3e011e7904d03e6d532565f-005-clever-游客941】stop 退出房间失败 , 原因: 网络接口错误: leaveRoom2Game, {\"code\":500,\"error\":\"游戏房间未找到 hall.gameHandler.leaveRoom\"}","timestamp":"2017-10-18T08:41:19.985Z"}
{"level":"error","message":"机器人【621ccbb0b3e011e7904d03e6d532565f-008-dummy-游客438】行动失败 , 原因: 网络接口错误: enterRoom, {\"code\":500,\"error\":\"获取游戏信息失败\"}","timestamp":"2017-10-18T08:43:16.260Z"}
{"level":"error","message":"机器人【621c7d91b3e011e7904d03e6d532565f-004-clever-游客349】行动失败 , 原因: 网络接口错误: enterRoom, {\"code\":500,\"error\":\"获取游戏信息失败\"}","timestamp":"2017-10-18T08:43:16.272Z"}
{"level":"error","message":"机器人【621ccbb0b3e011e7904d03e6d532565f-008-dummy-游客438】stop 退出房间失败 , 原因: 网络接口错误: leaveRoom2Game, {\"code\":500,\"error\":\"游戏房间未找到 hall.gameHandler.leaveRoom\"}","timestamp":"2017-10-18T08:43:16.314Z"}
{"level":"error","message":"机器人【621c7d91b3e011e7904d03e6d532565f-004-clever-游客349】stop 退出房间失败 , 原因: 网络接口错误: leaveRoom2Game, {\"code\":500,\"error\":\"游戏房间未找到 hall.gameHandler.leaveRoom\"}","timestamp":"2017-10-18T08:43:16.316Z"}
{"level":"error","message":"机器人【621ccbb1b3e011e7904d03e6d532565f-012-clever-游客722】行动失败 , 原因: 网络接口错误: enterRoom, {\"code\":500,\"error\":\"机器未找到\"}","timestamp":"2017-10-18T08:43:16.379Z"}
{"level":"error","message":"机器人【621ccbb1b3e011e7904d03e6d532565f-012-clever-游客722】stop 退出房间失败 , 原因: 网络接口错误: leaveRoom2Game, {\"code\":500,\"error\":\"游戏房间未找到 hall.gameHandler.leaveRoom\"}","timestamp":"2017-10-18T08:43:16.443Z"}
{"level":"error","message":"机器人【cd68c090b3e011e7904d03e6d532565f-011-clever-游客679】行动失败 , 原因: 网络接口错误: enterRoom, {\"code\":500,\"error\":\"机器未找到\"}","timestamp":"2017-10-18T08:46:16.048Z"}
{"level":"error","message":"机器人【cd68c090b3e011e7904d03e6d532565f-011-clever-游客679】stop 退出房间失败 , 原因: 网络接口错误: leaveRoom2Game, {\"code\":500,\"error\":\"游戏房间未找到 hall.gameHandler.leaveRoom\"}","timestamp":"2017-10-18T08:46:16.087Z"}
{"level":"error","message":"机器人【14f08510b3e111e7904d03e6d532565f-012-clever-游客561】行动失败 , 原因: 网络接口错误: enterRoom, {\"code\":500,\"error\":\"机器未找到\"}","timestamp":"2017-10-18T08:48:16.038Z"}
{"level":"error","message":"机器人【14f08510b3e111e7904d03e6d532565f-012-clever-游客561】stop 退出房间失败 , 原因: 网络接口错误: leaveRoom2Game, {\"code\":500,\"error\":\"游戏房间未找到 hall.gameHandler.leaveRoom\"}","timestamp":"2017-10-18T08:48:16.041Z"}
{"level":"error","message":"num 和 oldnum 相等了 ===> 2","timestamp":"2017-10-18T09:07:56.972Z"}
{"level":"error","message":"num 和 oldnum 相等了 ===> 2","timestamp":"2017-10-18T09:10:31.743Z"}
{"level":"error","message":"num 和 oldnum 相等了 ===> 3  roomCode: 010","timestamp":"2017-10-18T09:20:01.350Z"}
{"level":"error","message":"num 和 oldnum 相等了 ===> 2  roomCode: 001","timestamp":"2017-10-18T09:20:55.147Z"}
{"level":"error","message":"num 和 oldnum 相等了 ===> 1  roomCode: 001","timestamp":"2017-10-19T02:14:26.960Z"}
{"level":"error","message":"管理机器人【03e45e70-b479-11e7-a061-9bad8d563a27】行动失败 , 原因: TypeError: Cannot read property 'addListener' of undefined","timestamp":"2017-10-19T02:55:50.747Z"}
